<?xml version="1.0" encoding="UTF-8"?>
<coverage generated="1767413100586" clover="3.2.0">
  <project timestamp="1767413100586" name="All files">
    <metrics statements="352" coveredstatements="186" conditionals="216" coveredconditionals="99" methods="97" coveredmethods="41" elements="665" coveredelements="326" complexity="0" loc="352" ncloc="352" packages="5" files="9" classes="9"/>
    <package name="src">
      <metrics statements="8" coveredstatements="7" conditionals="8" coveredconditionals="4" methods="3" coveredmethods="3"/>
      <file name="App.jsx" path="/Users/aliyakhan/Desktop/Aliya/Coding/Projects/activity-tracker/frontend/src/App.jsx">
        <metrics statements="8" coveredstatements="7" conditionals="8" coveredconditionals="4" methods="3" coveredmethods="3"/>
        <line num="12" count="1" type="stmt"/>
        <line num="13" count="1" type="stmt"/>
        <line num="15" count="1" type="cond" truecount="1" falsecount="1"/>
        <line num="16" count="0" type="stmt"/>
        <line num="25" count="1" type="cond" truecount="1" falsecount="1"/>
        <line num="29" count="1" type="stmt"/>
        <line num="31" count="1" type="stmt"/>
        <line num="60" count="1" type="stmt"/>
      </file>
    </package>
    <package name="src.components.Auth">
      <metrics statements="33" coveredstatements="24" conditionals="20" coveredconditionals="10" methods="4" coveredmethods="3"/>
      <file name="Login.jsx" path="/Users/aliyakhan/Desktop/Aliya/Coding/Projects/activity-tracker/frontend/src/components/Auth/Login.jsx">
        <metrics statements="33" coveredstatements="24" conditionals="20" coveredconditionals="10" methods="4" coveredmethods="3"/>
        <line num="7" count="1" type="stmt"/>
        <line num="8" count="16" type="stmt"/>
        <line num="12" count="16" type="stmt"/>
        <line num="13" count="16" type="stmt"/>
        <line num="15" count="16" type="stmt"/>
        <line num="16" count="16" type="stmt"/>
        <line num="18" count="16" type="stmt"/>
        <line num="19" count="6" type="stmt"/>
        <line num="23" count="6" type="cond" truecount="1" falsecount="1"/>
        <line num="24" count="0" type="stmt"/>
        <line num="28" count="16" type="stmt"/>
        <line num="29" count="2" type="stmt"/>
        <line num="30" count="2" type="stmt"/>
        <line num="31" count="2" type="stmt"/>
        <line num="33" count="2" type="stmt"/>
        <line num="34" count="2" type="stmt"/>
        <line num="36" count="1" type="cond" truecount="1" falsecount="1"/>
        <line num="37" count="0" type="stmt"/>
        <line num="39" count="1" type="cond" truecount="1" falsecount="3"/>
        <line num="40" count="0" type="stmt"/>
        <line num="41" count="0" type="cond" truecount="0" falsecount="2"/>
        <line num="42" count="0" type="stmt"/>
        <line num="44" count="0" type="cond" truecount="0" falsecount="2"/>
        <line num="48" count="2" type="stmt"/>
        <line num="49" count="2" type="cond" truecount="1" falsecount="1"/>
        <line num="50" count="0" type="stmt"/>
        <line num="51" count="0" type="stmt"/>
        <line num="52" count="2" type="cond" truecount="2" falsecount="0"/>
        <line num="53" count="1" type="stmt"/>
        <line num="55" count="1" type="stmt"/>
        <line num="58" count="2" type="stmt"/>
        <line num="62" count="16" type="stmt"/>
        <line num="90" count="0" type="stmt"/>
      </file>
    </package>
    <package name="src.components.Dashboard">
      <metrics statements="222" coveredstatements="105" conditionals="178" coveredconditionals="78" methods="66" coveredmethods="22"/>
      <file name="ActivityFilter.jsx" path="/Users/aliyakhan/Desktop/Aliya/Coding/Projects/activity-tracker/frontend/src/components/Dashboard/ActivityFilter.jsx">
        <metrics statements="20" coveredstatements="13" conditionals="23" coveredconditionals="23" methods="12" coveredmethods="5"/>
        <line num="4" count="1" type="cond" truecount="1" falsecount="0"/>
        <line num="5" count="10" type="stmt"/>
        <line num="19" count="10" type="stmt"/>
        <line num="26" count="10" type="stmt"/>
        <line num="27" count="1" type="stmt"/>
        <line num="28" count="1" type="stmt"/>
        <line num="31" count="10" type="stmt"/>
        <line num="32" count="1" type="stmt"/>
        <line num="45" count="1" type="stmt"/>
        <line num="46" count="1" type="stmt"/>
        <line num="49" count="10" type="stmt"/>
        <line num="61" count="3" type="stmt"/>
        <line num="70" count="0" type="stmt"/>
        <line num="73" count="40" type="stmt"/>
        <line num="85" count="0" type="stmt"/>
        <line num="96" count="0" type="stmt"/>
        <line num="135" count="0" type="stmt"/>
        <line num="147" count="0" type="stmt"/>
        <line num="158" count="0" type="stmt"/>
        <line num="169" count="0" type="stmt"/>
      </file>
      <file name="ActivityForm.jsx" path="/Users/aliyakhan/Desktop/Aliya/Coding/Projects/activity-tracker/frontend/src/components/Dashboard/ActivityForm.jsx">
        <metrics statements="39" coveredstatements="32" conditionals="24" coveredconditionals="16" methods="12" coveredmethods="7"/>
        <line num="5" count="1" type="stmt"/>
        <line num="6" count="26" type="stmt"/>
        <line num="16" count="26" type="stmt"/>
        <line num="17" count="26" type="stmt"/>
        <line num="18" count="26" type="stmt"/>
        <line num="20" count="26" type="stmt"/>
        <line num="35" count="26" type="stmt"/>
        <line num="36" count="4" type="stmt"/>
        <line num="37" count="4" type="stmt"/>
        <line num="38" count="4" type="stmt"/>
        <line num="39" count="4" type="stmt"/>
        <line num="41" count="4" type="stmt"/>
        <line num="43" count="4" type="stmt"/>
        <line num="45" count="3" type="stmt"/>
        <line num="48" count="3" type="stmt"/>
        <line num="58" count="3" type="cond" truecount="1" falsecount="1"/>
        <line num="59" count="3" type="stmt"/>
        <line num="62" count="3" type="stmt"/>
        <line num="64" count="1" type="stmt"/>
        <line num="65" count="1" type="cond" truecount="1" falsecount="1"/>
        <line num="67" count="0" type="stmt"/>
        <line num="68" count="0" type="stmt"/>
        <line num="69" count="1" type="cond" truecount="1" falsecount="1"/>
        <line num="70" count="1" type="stmt"/>
        <line num="72" count="0" type="stmt"/>
        <line num="75" count="4" type="stmt"/>
        <line num="79" count="26" type="stmt"/>
        <line num="80" count="9" type="stmt"/>
        <line num="86" count="26" type="stmt"/>
        <line num="87" count="0" type="stmt"/>
        <line num="94" count="26" type="stmt"/>
        <line num="95" count="1" type="stmt"/>
        <line num="101" count="26" type="stmt"/>
        <line num="106" count="0" type="cond" truecount="2" falsecount="0"/>
        <line num="107" count="0" type="cond" truecount="2" falsecount="0"/>
        <line num="134" count="78" type="stmt"/>
        <line num="138" count="0" type="stmt"/>
        <line num="154" count="182" type="stmt"/>
        <line num="158" count="1" type="stmt"/>
      </file>
      <file name="ActivityTable.jsx" path="/Users/aliyakhan/Desktop/Aliya/Coding/Projects/activity-tracker/frontend/src/components/Dashboard/ActivityTable.jsx">
        <metrics statements="163" coveredstatements="60" conditionals="131" coveredconditionals="39" methods="42" coveredmethods="10"/>
        <line num="5" count="1" type="stmt"/>
        <line num="6" count="7" type="stmt"/>
        <line num="7" count="7" type="stmt"/>
        <line num="8" count="7" type="stmt"/>
        <line num="9" count="7" type="stmt"/>
        <line num="10" count="7" type="stmt"/>
        <line num="11" count="7" type="stmt"/>
        <line num="14" count="7" type="stmt"/>
        <line num="15" count="7" type="stmt"/>
        <line num="16" count="7" type="stmt"/>
        <line num="25" count="7" type="stmt"/>
        <line num="26" count="7" type="stmt"/>
        <line num="29" count="7" type="stmt"/>
        <line num="37" count="7" type="stmt"/>
        <line num="52" count="7" type="cond" truecount="0" falsecount="1"/>
        <line num="53" count="4" type="stmt"/>
        <line num="54" count="4" type="stmt"/>
        <line num="57" count="4" type="stmt"/>
        <line num="63" count="4" type="cond" truecount="1" falsecount="1"/>
        <line num="64" count="4" type="cond" truecount="1" falsecount="1"/>
        <line num="67" count="4" type="cond" truecount="1" falsecount="1"/>
        <line num="68" count="0" type="stmt"/>
        <line num="69" count="0" type="stmt"/>
        <line num="71" count="0" type="cond" truecount="0" falsecount="5"/>
        <line num="73" count="0" type="stmt"/>
        <line num="74" count="0" type="stmt"/>
        <line num="75" count="0" type="stmt"/>
        <line num="76" count="0" type="stmt"/>
        <line num="78" count="0" type="stmt"/>
        <line num="79" count="0" type="stmt"/>
        <line num="80" count="0" type="stmt"/>
        <line num="81" count="0" type="stmt"/>
        <line num="83" count="0" type="stmt"/>
        <line num="84" count="0" type="stmt"/>
        <line num="85" count="0" type="stmt"/>
        <line num="86" count="0" type="stmt"/>
        <line num="88" count="0" type="cond" truecount="0" falsecount="2"/>
        <line num="89" count="0" type="cond" truecount="0" falsecount="2"/>
        <line num="90" count="0" type="stmt"/>
        <line num="93" count="0" type="stmt"/>
        <line num="97" count="4" type="stmt"/>
        <line num="98" count="4" type="stmt"/>
        <line num="101" count="3" type="cond" truecount="3" falsecount="1"/>
        <line num="103" count="3" type="stmt"/>
        <line num="104" count="3" type="cond" truecount="1" falsecount="1"/>
        <line num="105" count="3" type="cond" truecount="1" falsecount="1"/>
        <line num="106" count="3" type="cond" truecount="2" falsecount="0"/>
        <line num="107" count="0" type="cond" truecount="0" falsecount="2"/>
        <line num="109" count="0" type="stmt"/>
        <line num="110" count="0" type="stmt"/>
        <line num="111" count="0" type="stmt"/>
        <line num="112" count="0" type="cond" truecount="0" falsecount="2"/>
        <line num="115" count="0" type="stmt"/>
        <line num="116" count="0" type="stmt"/>
        <line num="117" count="0" type="stmt"/>
        <line num="118" count="0" type="stmt"/>
        <line num="121" count="0" type="stmt"/>
        <line num="122" count="0" type="cond" truecount="0" falsecount="2"/>
        <line num="123" count="0" type="stmt"/>
        <line num="124" count="0" type="stmt"/>
        <line num="126" count="3" type="stmt"/>
        <line num="130" count="7" type="stmt"/>
        <line num="131" count="4" type="stmt"/>
        <line num="134" count="7" type="stmt"/>
        <line num="135" count="0" type="stmt"/>
        <line num="136" count="0" type="stmt"/>
        <line num="145" count="0" type="stmt"/>
        <line num="146" count="0" type="stmt"/>
        <line num="149" count="7" type="stmt"/>
        <line num="150" count="0" type="cond" truecount="0" falsecount="2"/>
        <line num="152" count="0" type="stmt"/>
        <line num="153" count="0" type="stmt"/>
        <line num="155" count="0" type="stmt"/>
        <line num="156" count="0" type="cond" truecount="0" falsecount="2"/>
        <line num="157" count="0" type="stmt"/>
        <line num="158" count="0" type="stmt"/>
        <line num="161" count="0" type="stmt"/>
        <line num="163" count="0" type="stmt"/>
        <line num="164" count="0" type="cond" truecount="0" falsecount="2"/>
        <line num="165" count="0" type="stmt"/>
        <line num="166" count="0" type="stmt"/>
        <line num="168" count="0" type="cond" truecount="0" falsecount="2"/>
        <line num="171" count="0" type="stmt"/>
        <line num="175" count="7" type="stmt"/>
        <line num="176" count="0" type="cond" truecount="0" falsecount="2"/>
        <line num="177" count="0" type="stmt"/>
        <line num="178" count="0" type="stmt"/>
        <line num="179" count="0" type="stmt"/>
        <line num="180" count="0" type="stmt"/>
        <line num="182" count="0" type="stmt"/>
        <line num="183" count="0" type="cond" truecount="0" falsecount="2"/>
        <line num="188" count="7" type="stmt"/>
        <line num="189" count="0" type="stmt"/>
        <line num="195" count="0" type="cond" truecount="0" falsecount="4"/>
        <line num="196" count="0" type="stmt"/>
        <line num="197" count="0" type="stmt"/>
        <line num="200" count="0" type="stmt"/>
        <line num="203" count="7" type="stmt"/>
        <line num="204" count="0" type="stmt"/>
        <line num="205" count="0" type="stmt"/>
        <line num="208" count="7" type="stmt"/>
        <line num="209" count="0" type="stmt"/>
        <line num="216" count="0" type="stmt"/>
        <line num="218" count="0" type="stmt"/>
        <line num="221" count="7" type="stmt"/>
        <line num="222" count="4" type="cond" truecount="2" falsecount="2"/>
        <line num="223" count="2" type="stmt"/>
        <line num="224" count="2" type="stmt"/>
        <line num="225" count="0" type="stmt"/>
        <line num="226" count="0" type="stmt"/>
        <line num="230" count="7" type="stmt"/>
        <line num="231" count="4" type="cond" truecount="1" falsecount="1"/>
        <line num="232" count="4" type="cond" truecount="1" falsecount="1"/>
        <line num="233" count="0" type="cond" truecount="0" falsecount="2"/>
        <line num="234" count="0" type="cond" truecount="0" falsecount="2"/>
        <line num="235" count="0" type="stmt"/>
        <line num="238" count="7" type="stmt"/>
        <line num="239" count="4" type="stmt"/>
        <line num="240" count="4" type="stmt"/>
        <line num="241" count="4" type="stmt"/>
        <line num="247" count="0" type="stmt"/>
        <line num="251" count="7" type="stmt"/>
        <line num="252" count="4" type="stmt"/>
        <line num="253" count="4" type="stmt"/>
        <line num="254" count="4" type="stmt"/>
        <line num="256" count="0" type="stmt"/>
        <line num="261" count="7" type="stmt"/>
        <line num="262" count="3" type="stmt"/>
        <line num="273" count="0" type="stmt"/>
        <line num="284" count="0" type="stmt"/>
        <line num="300" count="0" type="stmt"/>
        <line num="342" count="0" type="stmt"/>
        <line num="355" count="0" type="stmt"/>
        <line num="369" count="7" type="stmt"/>
        <line num="370" count="3" type="stmt"/>
        <line num="376" count="0" type="stmt"/>
        <line num="390" count="0" type="stmt"/>
        <line num="402" count="0" type="stmt"/>
        <line num="406" count="0" type="stmt"/>
        <line num="425" count="0" type="stmt"/>
        <line num="429" count="0" type="stmt"/>
        <line num="443" count="0" type="stmt"/>
        <line num="461" count="0" type="stmt"/>
        <line num="472" count="0" type="stmt"/>
        <line num="496" count="0" type="stmt"/>
        <line num="505" count="0" type="stmt"/>
        <line num="520" count="7" type="cond" truecount="4" falsecount="0"/>
        <line num="521" count="4" type="stmt"/>
        <line num="534" count="3" type="stmt"/>
        <line num="583" count="4" type="cond" truecount="1" falsecount="1"/>
        <line num="626" count="0" type="stmt"/>
        <line num="634" count="0" type="cond" truecount="0" falsecount="2"/>
        <line num="657" count="0" type="stmt"/>
        <line num="661" count="0" type="cond" truecount="0" falsecount="2"/>
        <line num="662" count="0" type="stmt"/>
        <line num="663" count="0" type="cond" truecount="0" falsecount="2"/>
        <line num="664" count="0" type="stmt"/>
        <line num="665" count="0" type="cond" truecount="0" falsecount="2"/>
        <line num="666" count="0" type="stmt"/>
        <line num="668" count="0" type="stmt"/>
        <line num="671" count="0" type="stmt"/>
        <line num="675" count="0" type="stmt"/>
        <line num="683" count="0" type="stmt"/>
      </file>
    </package>
    <package name="src.components.Layout">
      <metrics statements="3" coveredstatements="3" conditionals="2" coveredconditionals="1" methods="1" coveredmethods="1"/>
      <file name="Navbar.jsx" path="/Users/aliyakhan/Desktop/Aliya/Coding/Projects/activity-tracker/frontend/src/components/Layout/Navbar.jsx">
        <metrics statements="3" coveredstatements="3" conditionals="2" coveredconditionals="1" methods="1" coveredmethods="1"/>
        <line num="5" count="1" type="stmt"/>
        <line num="6" count="4" type="stmt"/>
        <line num="8" count="4" type="stmt"/>
      </file>
    </package>
    <package name="src.services">
      <metrics statements="86" coveredstatements="47" conditionals="8" coveredconditionals="6" methods="23" coveredmethods="12"/>
      <file name="activityService.js" path="/Users/aliyakhan/Desktop/Aliya/Coding/Projects/activity-tracker/frontend/src/services/activityService.js">
        <metrics statements="18" coveredstatements="16" conditionals="1" coveredconditionals="1" methods="6" coveredmethods="5"/>
        <line num="3" count="1" type="cond" truecount="1" falsecount="0"/>
        <line num="4" count="3" type="stmt"/>
        <line num="5" count="3" type="stmt"/>
        <line num="8" count="1" type="stmt"/>
        <line num="9" count="0" type="stmt"/>
        <line num="10" count="0" type="stmt"/>
        <line num="13" count="1" type="stmt"/>
        <line num="14" count="2" type="stmt"/>
        <line num="15" count="2" type="stmt"/>
        <line num="18" count="1" type="stmt"/>
        <line num="19" count="2" type="stmt"/>
        <line num="20" count="2" type="stmt"/>
        <line num="23" count="1" type="stmt"/>
        <line num="24" count="2" type="stmt"/>
        <line num="25" count="2" type="stmt"/>
        <line num="29" count="1" type="stmt"/>
        <line num="30" count="1" type="stmt"/>
        <line num="31" count="1" type="stmt"/>
      </file>
      <file name="api.js" path="/Users/aliyakhan/Desktop/Aliya/Coding/Projects/activity-tracker/frontend/src/services/api.js">
        <metrics statements="53" coveredstatements="16" conditionals="5" coveredconditionals="4" methods="13" coveredmethods="3"/>
        <line num="3" count="2" type="stmt"/>
        <line num="5" count="2" type="stmt"/>
        <line num="14" count="2" type="stmt"/>
        <line num="16" count="16" type="stmt"/>
        <line num="17" count="16" type="cond" truecount="2" falsecount="0"/>
        <line num="18" count="12" type="stmt"/>
        <line num="20" count="16" type="stmt"/>
        <line num="23" count="0" type="stmt"/>
        <line num="28" count="2" type="stmt"/>
        <line num="29" count="14" type="stmt"/>
        <line num="31" count="2" type="cond" truecount="2" falsecount="0"/>
        <line num="32" count="1" type="stmt"/>
        <line num="33" count="1" type="stmt"/>
        <line num="34" count="1" type="stmt"/>
        <line num="36" count="2" type="stmt"/>
        <line num="40" count="2" type="stmt"/>
        <line num="42" count="0" type="stmt"/>
        <line num="43" count="0" type="stmt"/>
        <line num="44" count="0" type="stmt"/>
        <line num="46" count="0" type="stmt"/>
        <line num="51" count="0" type="stmt"/>
        <line num="52" count="0" type="stmt"/>
        <line num="53" count="0" type="stmt"/>
        <line num="55" count="0" type="stmt"/>
        <line num="60" count="0" type="stmt"/>
        <line num="61" count="0" type="stmt"/>
        <line num="62" count="0" type="stmt"/>
        <line num="64" count="0" type="stmt"/>
        <line num="69" count="0" type="stmt"/>
        <line num="70" count="0" type="stmt"/>
        <line num="71" count="0" type="stmt"/>
        <line num="73" count="0" type="stmt"/>
        <line num="78" count="2" type="stmt"/>
        <line num="80" count="0" type="stmt"/>
        <line num="81" count="0" type="stmt"/>
        <line num="82" count="0" type="stmt"/>
        <line num="84" count="0" type="stmt"/>
        <line num="89" count="0" type="stmt"/>
        <line num="90" count="0" type="stmt"/>
        <line num="91" count="0" type="stmt"/>
        <line num="93" count="0" type="stmt"/>
        <line num="98" count="0" type="stmt"/>
        <line num="99" count="0" type="stmt"/>
        <line num="100" count="0" type="stmt"/>
        <line num="102" count="0" type="stmt"/>
        <line num="107" count="0" type="stmt"/>
        <line num="108" count="0" type="stmt"/>
        <line num="109" count="0" type="stmt"/>
        <line num="111" count="0" type="stmt"/>
        <line num="125" count="0" type="stmt"/>
        <line num="126" count="0" type="stmt"/>
        <line num="127" count="0" type="stmt"/>
        <line num="129" count="0" type="stmt"/>
      </file>
      <file name="authService.js" path="/Users/aliyakhan/Desktop/Aliya/Coding/Projects/activity-tracker/frontend/src/services/authService.js">
        <metrics statements="15" coveredstatements="15" conditionals="2" coveredconditionals="1" methods="4" coveredmethods="4"/>
        <line num="3" count="1" type="stmt"/>
        <line num="4" count="1" type="stmt"/>
        <line num="5" count="1" type="stmt"/>
        <line num="8" count="1" type="stmt"/>
        <line num="9" count="3" type="stmt"/>
        <line num="10" count="1" type="cond" truecount="1" falsecount="1"/>
        <line num="11" count="1" type="stmt"/>
        <line num="13" count="1" type="stmt"/>
        <line num="16" count="1" type="stmt"/>
        <line num="17" count="1" type="stmt"/>
        <line num="18" count="1" type="stmt"/>
        <line num="19" count="1" type="stmt"/>
        <line num="22" count="1" type="stmt"/>
        <line num="23" count="1" type="stmt"/>
        <line num="24" count="1" type="stmt"/>
      </file>
    </package>
  </project>
</coverage>
