{"/Users/aliyakhan/Desktop/Aliya/Coding/Projects/activity-tracker/frontend/src/App.jsx": {"path":"/Users/aliyakhan/Desktop/Aliya/Coding/Projects/activity-tracker/frontend/src/App.jsx","statementMap":{"0":{"start":{"line":9,"column":17},"end":{"line":9,"column":55}},"1":{"start":{"line":9,"column":28},"end":{"line":9,"column":54}},"2":{"start":{"line":10,"column":22},"end":{"line":10,"column":65}},"3":{"start":{"line":10,"column":33},"end":{"line":10,"column":64}},"4":{"start":{"line":11,"column":14},"end":{"line":11,"column":59}},"5":{"start":{"line":11,"column":25},"end":{"line":11,"column":58}},"6":{"start":{"line":12,"column":17},"end":{"line":12,"column":65}},"7":{"start":{"line":12,"column":28},"end":{"line":12,"column":64}},"8":{"start":{"line":13,"column":15},"end":{"line":13,"column":63}},"9":{"start":{"line":13,"column":26},"end":{"line":13,"column":62}},"10":{"start":{"line":15,"column":23},"end":{"line":21,"column":1}},"11":{"start":{"line":16,"column":2},"end":{"line":20,"column":8}},"12":{"start":{"line":23,"column":21},"end":{"line":31,"column":1}},"13":{"start":{"line":24,"column":41},"end":{"line":24,"column":50}},"14":{"start":{"line":26,"column":4},"end":{"line":28,"column":5}},"15":{"start":{"line":27,"column":8},"end":{"line":27,"column":34}},"16":{"start":{"line":30,"column":4},"end":{"line":30,"column":65}},"17":{"start":{"line":34,"column":32},"end":{"line":34,"column":41}},"18":{"start":{"line":36,"column":4},"end":{"line":67,"column":6}},"19":{"start":{"line":71,"column":4},"end":{"line":77,"column":6}}},"fnMap":{"0":{"name":"(anonymous_0)","decl":{"start":{"line":9,"column":22},"end":{"line":9,"column":23}},"loc":{"start":{"line":9,"column":28},"end":{"line":9,"column":54}},"line":9},"1":{"name":"(anonymous_1)","decl":{"start":{"line":10,"column":27},"end":{"line":10,"column":28}},"loc":{"start":{"line":10,"column":33},"end":{"line":10,"column":64}},"line":10},"2":{"name":"(anonymous_2)","decl":{"start":{"line":11,"column":19},"end":{"line":11,"column":20}},"loc":{"start":{"line":11,"column":25},"end":{"line":11,"column":58}},"line":11},"3":{"name":"(anonymous_3)","decl":{"start":{"line":12,"column":22},"end":{"line":12,"column":23}},"loc":{"start":{"line":12,"column":28},"end":{"line":12,"column":64}},"line":12},"4":{"name":"(anonymous_4)","decl":{"start":{"line":13,"column":20},"end":{"line":13,"column":21}},"loc":{"start":{"line":13,"column":26},"end":{"line":13,"column":62}},"line":13},"5":{"name":"(anonymous_5)","decl":{"start":{"line":15,"column":23},"end":{"line":15,"column":24}},"loc":{"start":{"line":16,"column":2},"end":{"line":20,"column":8}},"line":16},"6":{"name":"(anonymous_6)","decl":{"start":{"line":23,"column":21},"end":{"line":23,"column":22}},"loc":{"start":{"line":23,"column":39},"end":{"line":31,"column":1}},"line":23},"7":{"name":"AppContent","decl":{"start":{"line":33,"column":9},"end":{"line":33,"column":19}},"loc":{"start":{"line":33,"column":22},"end":{"line":68,"column":1}},"line":33},"8":{"name":"App","decl":{"start":{"line":70,"column":9},"end":{"line":70,"column":12}},"loc":{"start":{"line":70,"column":15},"end":{"line":78,"column":1}},"line":70}},"branchMap":{"0":{"loc":{"start":{"line":26,"column":4},"end":{"line":28,"column":5}},"type":"if","locations":[{"start":{"line":26,"column":4},"end":{"line":28,"column":5}},{"start":{},"end":{}}],"line":26},"1":{"loc":{"start":{"line":30,"column":11},"end":{"line":30,"column":64}},"type":"cond-expr","locations":[{"start":{"line":30,"column":29},"end":{"line":30,"column":37}},{"start":{"line":30,"column":40},"end":{"line":30,"column":64}}],"line":30},"2":{"loc":{"start":{"line":40,"column":17},"end":{"line":44,"column":17}},"type":"binary-expr","locations":[{"start":{"line":40,"column":17},"end":{"line":40,"column":32}},{"start":{"line":41,"column":18},"end":{"line":43,"column":29}}],"line":40},"3":{"loc":{"start":{"line":51,"column":34},"end":{"line":51,"column":95}},"type":"cond-expr","locations":[{"start":{"line":51,"column":52},"end":{"line":51,"column":80}},{"start":{"line":51,"column":83},"end":{"line":51,"column":95}}],"line":51}},"s":{"0":1,"1":1,"2":1,"3":1,"4":1,"5":1,"6":1,"7":1,"8":1,"9":1,"10":1,"11":0,"12":1,"13":0,"14":0,"15":0,"16":0,"17":2,"18":2,"19":2},"f":{"0":1,"1":1,"2":1,"3":1,"4":1,"5":0,"6":0,"7":2,"8":2},"b":{"0":[0,0],"1":[0,0],"2":[2,0],"3":[0,2]},"_coverageSchema":"1a1c01bbd47fc00a2c39e90264f33305004495a9","hash":"404684f90143095da146e9e7cb6fb66df555b40f"}
,"/Users/aliyakhan/Desktop/Aliya/Coding/Projects/activity-tracker/frontend/src/components/Auth/Login.jsx": {"path":"/Users/aliyakhan/Desktop/Aliya/Coding/Projects/activity-tracker/frontend/src/components/Auth/Login.jsx","statementMap":{"0":{"start":{"line":7,"column":14},"end":{"line":204,"column":1}},"1":{"start":{"line":8,"column":36},"end":{"line":11,"column":6}},"2":{"start":{"line":12,"column":34},"end":{"line":12,"column":49}},"3":{"start":{"line":13,"column":30},"end":{"line":13,"column":44}},"4":{"start":{"line":15,"column":22},"end":{"line":15,"column":31}},"5":{"start":{"line":16,"column":21},"end":{"line":16,"column":34}},"6":{"start":{"line":18,"column":25},"end":{"line":26,"column":5}},"7":{"start":{"line":19,"column":8},"end":{"line":22,"column":11}},"8":{"start":{"line":23,"column":8},"end":{"line":25,"column":9}},"9":{"start":{"line":24,"column":12},"end":{"line":24,"column":27}},"10":{"start":{"line":28,"column":25},"end":{"line":67,"column":5}},"11":{"start":{"line":29,"column":8},"end":{"line":29,"column":27}},"12":{"start":{"line":30,"column":8},"end":{"line":30,"column":25}},"13":{"start":{"line":31,"column":8},"end":{"line":31,"column":23}},"14":{"start":{"line":33,"column":8},"end":{"line":66,"column":9}},"15":{"start":{"line":34,"column":27},"end":{"line":34,"column":48}},"16":{"start":{"line":36,"column":12},"end":{"line":46,"column":13}},"17":{"start":{"line":37,"column":16},"end":{"line":37,"column":39}},"18":{"start":{"line":39,"column":16},"end":{"line":45,"column":17}},"19":{"start":{"line":40,"column":20},"end":{"line":40,"column":58}},"20":{"start":{"line":41,"column":23},"end":{"line":45,"column":17}},"21":{"start":{"line":42,"column":20},"end":{"line":42,"column":70}},"22":{"start":{"line":44,"column":20},"end":{"line":44,"column":82}},"23":{"start":{"line":49,"column":2},"end":{"line":49,"column":37}},"24":{"start":{"line":51,"column":21},"end":{"line":51,"column":53}},"25":{"start":{"line":54,"column":2},"end":{"line":61,"column":3}},"26":{"start":{"line":55,"column":26},"end":{"line":55,"column":72}},"27":{"start":{"line":56,"column":4},"end":{"line":56,"column":44}},"28":{"start":{"line":57,"column":9},"end":{"line":61,"column":3}},"29":{"start":{"line":58,"column":4},"end":{"line":58,"column":45}},"30":{"start":{"line":59,"column":9},"end":{"line":61,"column":3}},"31":{"start":{"line":60,"column":4},"end":{"line":60,"column":31}},"32":{"start":{"line":63,"column":2},"end":{"line":63,"column":25}},"33":{"start":{"line":65,"column":12},"end":{"line":65,"column":30}},"34":{"start":{"line":69,"column":4},"end":{"line":203,"column":6}},"35":{"start":{"line":97,"column":88},"end":{"line":97,"column":102}}},"fnMap":{"0":{"name":"(anonymous_0)","decl":{"start":{"line":7,"column":14},"end":{"line":7,"column":15}},"loc":{"start":{"line":7,"column":20},"end":{"line":204,"column":1}},"line":7},"1":{"name":"(anonymous_1)","decl":{"start":{"line":18,"column":25},"end":{"line":18,"column":26}},"loc":{"start":{"line":18,"column":32},"end":{"line":26,"column":5}},"line":18},"2":{"name":"(anonymous_2)","decl":{"start":{"line":28,"column":25},"end":{"line":28,"column":26}},"loc":{"start":{"line":28,"column":38},"end":{"line":67,"column":5}},"line":28},"3":{"name":"(anonymous_3)","decl":{"start":{"line":97,"column":82},"end":{"line":97,"column":83}},"loc":{"start":{"line":97,"column":88},"end":{"line":97,"column":102}},"line":97}},"branchMap":{"0":{"loc":{"start":{"line":23,"column":8},"end":{"line":25,"column":9}},"type":"if","locations":[{"start":{"line":23,"column":8},"end":{"line":25,"column":9}},{"start":{},"end":{}}],"line":23},"1":{"loc":{"start":{"line":36,"column":12},"end":{"line":46,"column":13}},"type":"if","locations":[{"start":{"line":36,"column":12},"end":{"line":46,"column":13}},{"start":{"line":38,"column":19},"end":{"line":46,"column":13}}],"line":36},"2":{"loc":{"start":{"line":39,"column":16},"end":{"line":45,"column":17}},"type":"if","locations":[{"start":{"line":39,"column":16},"end":{"line":45,"column":17}},{"start":{"line":41,"column":23},"end":{"line":45,"column":17}}],"line":39},"3":{"loc":{"start":{"line":39,"column":20},"end":{"line":39,"column":96}},"type":"binary-expr","locations":[{"start":{"line":39,"column":20},"end":{"line":39,"column":58}},{"start":{"line":39,"column":62},"end":{"line":39,"column":96}}],"line":39},"4":{"loc":{"start":{"line":41,"column":23},"end":{"line":45,"column":17}},"type":"if","locations":[{"start":{"line":41,"column":23},"end":{"line":45,"column":17}},{"start":{"line":43,"column":23},"end":{"line":45,"column":17}}],"line":41},"5":{"loc":{"start":{"line":44,"column":29},"end":{"line":44,"column":80}},"type":"binary-expr","locations":[{"start":{"line":44,"column":29},"end":{"line":44,"column":43}},{"start":{"line":44,"column":47},"end":{"line":44,"column":80}}],"line":44},"6":{"loc":{"start":{"line":54,"column":2},"end":{"line":61,"column":3}},"type":"if","locations":[{"start":{"line":54,"column":2},"end":{"line":61,"column":3}},{"start":{"line":57,"column":9},"end":{"line":61,"column":3}}],"line":54},"7":{"loc":{"start":{"line":54,"column":6},"end":{"line":54,"column":74}},"type":"binary-expr","locations":[{"start":{"line":54,"column":6},"end":{"line":54,"column":9}},{"start":{"line":54,"column":13},"end":{"line":54,"column":25}},{"start":{"line":54,"column":29},"end":{"line":54,"column":46}},{"start":{"line":54,"column":50},"end":{"line":54,"column":74}}],"line":54},"8":{"loc":{"start":{"line":57,"column":9},"end":{"line":61,"column":3}},"type":"if","locations":[{"start":{"line":57,"column":9},"end":{"line":61,"column":3}},{"start":{"line":59,"column":9},"end":{"line":61,"column":3}}],"line":57},"9":{"loc":{"start":{"line":57,"column":13},"end":{"line":57,"column":82}},"type":"binary-expr","locations":[{"start":{"line":57,"column":13},"end":{"line":57,"column":16}},{"start":{"line":57,"column":20},"end":{"line":57,"column":32}},{"start":{"line":57,"column":36},"end":{"line":57,"column":53}},{"start":{"line":57,"column":57},"end":{"line":57,"column":82}}],"line":57},"10":{"loc":{"start":{"line":59,"column":9},"end":{"line":61,"column":3}},"type":"if","locations":[{"start":{"line":59,"column":9},"end":{"line":61,"column":3}},{"start":{},"end":{}}],"line":59},"11":{"loc":{"start":{"line":59,"column":13},"end":{"line":59,"column":31}},"type":"binary-expr","locations":[{"start":{"line":59,"column":13},"end":{"line":59,"column":16}},{"start":{"line":59,"column":20},"end":{"line":59,"column":31}}],"line":59},"12":{"loc":{"start":{"line":96,"column":29},"end":{"line":103,"column":29}},"type":"binary-expr","locations":[{"start":{"line":96,"column":29},"end":{"line":96,"column":34}},{"start":{"line":97,"column":32},"end":{"line":102,"column":40}}],"line":96},"13":{"loc":{"start":{"line":146,"column":37},"end":{"line":156,"column":37}},"type":"cond-expr","locations":[{"start":{"line":147,"column":40},"end":{"line":150,"column":43}},{"start":{"line":152,"column":40},"end":{"line":155,"column":43}}],"line":146}},"s":{"0":1,"1":16,"2":16,"3":16,"4":16,"5":16,"6":16,"7":6,"8":6,"9":0,"10":16,"11":2,"12":2,"13":2,"14":2,"15":2,"16":1,"17":0,"18":1,"19":0,"20":0,"21":0,"22":0,"23":2,"24":2,"25":2,"26":0,"27":0,"28":2,"29":0,"30":2,"31":2,"32":2,"33":2,"34":16,"35":0},"f":{"0":16,"1":6,"2":2,"3":0},"b":{"0":[0,6],"1":[0,1],"2":[0,0],"3":[1,0],"4":[0,0],"5":[0,0],"6":[0,2],"7":[2,2,0,0],"8":[0,2],"9":[2,2,0,0],"10":[2,0],"11":[2,2],"12":[16,2],"13":[2,14]},"_coverageSchema":"1a1c01bbd47fc00a2c39e90264f33305004495a9","hash":"7e2a8f0db6f15563a9cb79b66432f8669fa7c359"}
,"/Users/aliyakhan/Desktop/Aliya/Coding/Projects/activity-tracker/frontend/src/components/Dashboard/ActivityFilter.jsx": {"path":"/Users/aliyakhan/Desktop/Aliya/Coding/Projects/activity-tracker/frontend/src/components/Dashboard/ActivityFilter.jsx","statementMap":{"0":{"start":{"line":4,"column":23},"end":{"line":181,"column":1}},"1":{"start":{"line":5,"column":34},"end":{"line":17,"column":6}},"2":{"start":{"line":19,"column":23},"end":{"line":24,"column":5}},"3":{"start":{"line":26,"column":25},"end":{"line":29,"column":5}},"4":{"start":{"line":27,"column":8},"end":{"line":27,"column":27}},"5":{"start":{"line":28,"column":8},"end":{"line":28,"column":26}},"6":{"start":{"line":31,"column":24},"end":{"line":47,"column":5}},"7":{"start":{"line":32,"column":29},"end":{"line":44,"column":9}},"8":{"start":{"line":45,"column":8},"end":{"line":45,"column":33}},"9":{"start":{"line":46,"column":8},"end":{"line":46,"column":31}},"10":{"start":{"line":49,"column":4},"end":{"line":180,"column":6}},"11":{"start":{"line":61,"column":53},"end":{"line":61,"column":101}},"12":{"start":{"line":70,"column":53},"end":{"line":70,"column":103}},"13":{"start":{"line":73,"column":40},"end":{"line":73,"column":90}},"14":{"start":{"line":85,"column":53},"end":{"line":85,"column":105}},"15":{"start":{"line":96,"column":53},"end":{"line":96,"column":103}},"16":{"start":{"line":135,"column":65},"end":{"line":135,"column":118}},"17":{"start":{"line":147,"column":65},"end":{"line":147,"column":118}},"18":{"start":{"line":158,"column":65},"end":{"line":158,"column":119}},"19":{"start":{"line":169,"column":65},"end":{"line":169,"column":119}}},"fnMap":{"0":{"name":"(anonymous_0)","decl":{"start":{"line":4,"column":23},"end":{"line":4,"column":24}},"loc":{"start":{"line":4,"column":62},"end":{"line":181,"column":1}},"line":4},"1":{"name":"(anonymous_1)","decl":{"start":{"line":26,"column":25},"end":{"line":26,"column":26}},"loc":{"start":{"line":26,"column":32},"end":{"line":29,"column":5}},"line":26},"2":{"name":"(anonymous_2)","decl":{"start":{"line":31,"column":24},"end":{"line":31,"column":25}},"loc":{"start":{"line":31,"column":30},"end":{"line":47,"column":5}},"line":31},"3":{"name":"(anonymous_3)","decl":{"start":{"line":61,"column":46},"end":{"line":61,"column":47}},"loc":{"start":{"line":61,"column":53},"end":{"line":61,"column":101}},"line":61},"4":{"name":"(anonymous_4)","decl":{"start":{"line":70,"column":46},"end":{"line":70,"column":47}},"loc":{"start":{"line":70,"column":53},"end":{"line":70,"column":103}},"line":70},"5":{"name":"(anonymous_5)","decl":{"start":{"line":72,"column":68},"end":{"line":72,"column":69}},"loc":{"start":{"line":73,"column":40},"end":{"line":73,"column":90}},"line":73},"6":{"name":"(anonymous_6)","decl":{"start":{"line":85,"column":46},"end":{"line":85,"column":47}},"loc":{"start":{"line":85,"column":53},"end":{"line":85,"column":105}},"line":85},"7":{"name":"(anonymous_7)","decl":{"start":{"line":96,"column":46},"end":{"line":96,"column":47}},"loc":{"start":{"line":96,"column":53},"end":{"line":96,"column":103}},"line":96},"8":{"name":"(anonymous_8)","decl":{"start":{"line":135,"column":58},"end":{"line":135,"column":59}},"loc":{"start":{"line":135,"column":65},"end":{"line":135,"column":118}},"line":135},"9":{"name":"(anonymous_9)","decl":{"start":{"line":147,"column":58},"end":{"line":147,"column":59}},"loc":{"start":{"line":147,"column":65},"end":{"line":147,"column":118}},"line":147},"10":{"name":"(anonymous_10)","decl":{"start":{"line":158,"column":58},"end":{"line":158,"column":59}},"loc":{"start":{"line":158,"column":65},"end":{"line":158,"column":119}},"line":158},"11":{"name":"(anonymous_11)","decl":{"start":{"line":169,"column":58},"end":{"line":169,"column":59}},"loc":{"start":{"line":169,"column":65},"end":{"line":169,"column":119}},"line":169}},"branchMap":{"0":{"loc":{"start":{"line":4,"column":36},"end":{"line":4,"column":55}},"type":"default-arg","locations":[{"start":{"line":4,"column":53},"end":{"line":4,"column":55}}],"line":4},"1":{"loc":{"start":{"line":6,"column":16},"end":{"line":6,"column":43}},"type":"binary-expr","locations":[{"start":{"line":6,"column":16},"end":{"line":6,"column":37}},{"start":{"line":6,"column":41},"end":{"line":6,"column":43}}],"line":6},"2":{"loc":{"start":{"line":7,"column":18},"end":{"line":7,"column":50}},"type":"binary-expr","locations":[{"start":{"line":7,"column":18},"end":{"line":7,"column":41}},{"start":{"line":7,"column":45},"end":{"line":7,"column":50}}],"line":7},"3":{"loc":{"start":{"line":8,"column":22},"end":{"line":8,"column":58}},"type":"binary-expr","locations":[{"start":{"line":8,"column":22},"end":{"line":8,"column":49}},{"start":{"line":8,"column":53},"end":{"line":8,"column":58}}],"line":8},"4":{"loc":{"start":{"line":9,"column":20},"end":{"line":9,"column":51}},"type":"binary-expr","locations":[{"start":{"line":9,"column":20},"end":{"line":9,"column":45}},{"start":{"line":9,"column":49},"end":{"line":9,"column":51}}],"line":9},"5":{"loc":{"start":{"line":10,"column":18},"end":{"line":10,"column":47}},"type":"binary-expr","locations":[{"start":{"line":10,"column":18},"end":{"line":10,"column":41}},{"start":{"line":10,"column":45},"end":{"line":10,"column":47}}],"line":10},"6":{"loc":{"start":{"line":11,"column":21},"end":{"line":11,"column":53}},"type":"binary-expr","locations":[{"start":{"line":11,"column":21},"end":{"line":11,"column":47}},{"start":{"line":11,"column":51},"end":{"line":11,"column":53}}],"line":11},"7":{"loc":{"start":{"line":12,"column":21},"end":{"line":12,"column":53}},"type":"binary-expr","locations":[{"start":{"line":12,"column":21},"end":{"line":12,"column":47}},{"start":{"line":12,"column":51},"end":{"line":12,"column":53}}],"line":12},"8":{"loc":{"start":{"line":13,"column":22},"end":{"line":13,"column":55}},"type":"binary-expr","locations":[{"start":{"line":13,"column":22},"end":{"line":13,"column":49}},{"start":{"line":13,"column":53},"end":{"line":13,"column":55}}],"line":13},"9":{"loc":{"start":{"line":14,"column":22},"end":{"line":14,"column":55}},"type":"binary-expr","locations":[{"start":{"line":14,"column":22},"end":{"line":14,"column":49}},{"start":{"line":14,"column":53},"end":{"line":14,"column":55}}],"line":14},"10":{"loc":{"start":{"line":15,"column":17},"end":{"line":15,"column":49}},"type":"binary-expr","locations":[{"start":{"line":15,"column":17},"end":{"line":15,"column":39}},{"start":{"line":15,"column":43},"end":{"line":15,"column":49}}],"line":15},"11":{"loc":{"start":{"line":16,"column":20},"end":{"line":16,"column":55}},"type":"binary-expr","locations":[{"start":{"line":16,"column":20},"end":{"line":16,"column":45}},{"start":{"line":16,"column":49},"end":{"line":16,"column":55}}],"line":16}},"s":{"0":1,"1":10,"2":10,"3":10,"4":1,"5":1,"6":10,"7":1,"8":1,"9":1,"10":10,"11":3,"12":0,"13":40,"14":0,"15":0,"16":0,"17":0,"18":0,"19":0},"f":{"0":10,"1":1,"2":1,"3":3,"4":0,"5":40,"6":0,"7":0,"8":0,"9":0,"10":0,"11":0},"b":{"0":[10],"1":[10,10],"2":[10,10],"3":[10,10],"4":[10,10],"5":[10,10],"6":[10,10],"7":[10,10],"8":[10,10],"9":[10,10],"10":[10,10],"11":[10,10]},"_coverageSchema":"1a1c01bbd47fc00a2c39e90264f33305004495a9","hash":"dfcf142afbb8be205beabd8d3f7989c59487ea5b"}
,"/Users/aliyakhan/Desktop/Aliya/Coding/Projects/activity-tracker/frontend/src/components/Dashboard/ActivityForm.jsx": {"path":"/Users/aliyakhan/Desktop/Aliya/Coding/Projects/activity-tracker/frontend/src/components/Dashboard/ActivityForm.jsx","statementMap":{"0":{"start":{"line":5,"column":21},"end":{"line":266,"column":1}},"1":{"start":{"line":6,"column":36},"end":{"line":14,"column":6}},"2":{"start":{"line":16,"column":34},"end":{"line":16,"column":49}},"3":{"start":{"line":17,"column":30},"end":{"line":17,"column":42}},"4":{"start":{"line":18,"column":34},"end":{"line":18,"column":46}},"5":{"start":{"line":20,"column":23},"end":{"line":33,"column":5}},"6":{"start":{"line":35,"column":25},"end":{"line":77,"column":5}},"7":{"start":{"line":36,"column":8},"end":{"line":36,"column":27}},"8":{"start":{"line":37,"column":8},"end":{"line":37,"column":25}},"9":{"start":{"line":38,"column":8},"end":{"line":38,"column":21}},"10":{"start":{"line":39,"column":8},"end":{"line":39,"column":23}},"11":{"start":{"line":41,"column":8},"end":{"line":76,"column":9}},"12":{"start":{"line":43,"column":29},"end":{"line":43,"column":67}},"13":{"start":{"line":45,"column":12},"end":{"line":45,"column":55}},"14":{"start":{"line":48,"column":12},"end":{"line":56,"column":15}},"15":{"start":{"line":58,"column":12},"end":{"line":60,"column":13}},"16":{"start":{"line":59,"column":16},"end":{"line":59,"column":56}},"17":{"start":{"line":62,"column":12},"end":{"line":62,"column":51}},"18":{"start":{"line":62,"column":29},"end":{"line":62,"column":43}},"19":{"start":{"line":64,"column":12},"end":{"line":64,"column":59}},"20":{"start":{"line":65,"column":12},"end":{"line":73,"column":13}},"21":{"start":{"line":67,"column":38},"end":{"line":67,"column":86}},"22":{"start":{"line":68,"column":16},"end":{"line":68,"column":51}},"23":{"start":{"line":69,"column":19},"end":{"line":73,"column":13}},"24":{"start":{"line":70,"column":16},"end":{"line":70,"column":54}},"25":{"start":{"line":72,"column":16},"end":{"line":72,"column":70}},"26":{"start":{"line":75,"column":12},"end":{"line":75,"column":30}},"27":{"start":{"line":79,"column":25},"end":{"line":84,"column":5}},"28":{"start":{"line":80,"column":8},"end":{"line":83,"column":11}},"29":{"start":{"line":86,"column":33},"end":{"line":92,"column":5}},"30":{"start":{"line":87,"column":8},"end":{"line":91,"column":11}},"31":{"start":{"line":94,"column":36},"end":{"line":99,"column":5}},"32":{"start":{"line":95,"column":8},"end":{"line":98,"column":11}},"33":{"start":{"line":101,"column":4},"end":{"line":265,"column":6}},"34":{"start":{"line":106,"column":65},"end":{"line":106,"column":77}},"35":{"start":{"line":107,"column":68},"end":{"line":107,"column":82}},"36":{"start":{"line":135,"column":40},"end":{"line":145,"column":49}},"37":{"start":{"line":139,"column":59},"end":{"line":139,"column":84}},"38":{"start":{"line":156,"column":32},"end":{"line":165,"column":41}},"39":{"start":{"line":160,"column":51},"end":{"line":160,"column":79}}},"fnMap":{"0":{"name":"(anonymous_0)","decl":{"start":{"line":5,"column":21},"end":{"line":5,"column":22}},"loc":{"start":{"line":5,"column":46},"end":{"line":266,"column":1}},"line":5},"1":{"name":"(anonymous_1)","decl":{"start":{"line":35,"column":25},"end":{"line":35,"column":26}},"loc":{"start":{"line":35,"column":38},"end":{"line":77,"column":5}},"line":35},"2":{"name":"(anonymous_2)","decl":{"start":{"line":62,"column":23},"end":{"line":62,"column":24}},"loc":{"start":{"line":62,"column":29},"end":{"line":62,"column":43}},"line":62},"3":{"name":"(anonymous_3)","decl":{"start":{"line":79,"column":25},"end":{"line":79,"column":26}},"loc":{"start":{"line":79,"column":32},"end":{"line":84,"column":5}},"line":79},"4":{"name":"(anonymous_4)","decl":{"start":{"line":86,"column":33},"end":{"line":86,"column":34}},"loc":{"start":{"line":86,"column":47},"end":{"line":92,"column":5}},"line":86},"5":{"name":"(anonymous_5)","decl":{"start":{"line":94,"column":36},"end":{"line":94,"column":37}},"loc":{"start":{"line":94,"column":53},"end":{"line":99,"column":5}},"line":94},"6":{"name":"(anonymous_6)","decl":{"start":{"line":106,"column":59},"end":{"line":106,"column":60}},"loc":{"start":{"line":106,"column":65},"end":{"line":106,"column":77}},"line":106},"7":{"name":"(anonymous_7)","decl":{"start":{"line":107,"column":62},"end":{"line":107,"column":63}},"loc":{"start":{"line":107,"column":68},"end":{"line":107,"column":82}},"line":107},"8":{"name":"(anonymous_8)","decl":{"start":{"line":134,"column":65},"end":{"line":134,"column":66}},"loc":{"start":{"line":135,"column":40},"end":{"line":145,"column":49}},"line":135},"9":{"name":"(anonymous_9)","decl":{"start":{"line":139,"column":53},"end":{"line":139,"column":54}},"loc":{"start":{"line":139,"column":59},"end":{"line":139,"column":84}},"line":139},"10":{"name":"(anonymous_10)","decl":{"start":{"line":155,"column":77},"end":{"line":155,"column":78}},"loc":{"start":{"line":156,"column":32},"end":{"line":165,"column":41}},"line":156},"11":{"name":"(anonymous_11)","decl":{"start":{"line":160,"column":45},"end":{"line":160,"column":46}},"loc":{"start":{"line":160,"column":51},"end":{"line":160,"column":79}},"line":160}},"branchMap":{"0":{"loc":{"start":{"line":58,"column":12},"end":{"line":60,"column":13}},"type":"if","locations":[{"start":{"line":58,"column":12},"end":{"line":60,"column":13}},{"start":{},"end":{}}],"line":58},"1":{"loc":{"start":{"line":65,"column":12},"end":{"line":73,"column":13}},"type":"if","locations":[{"start":{"line":65,"column":12},"end":{"line":73,"column":13}},{"start":{"line":69,"column":19},"end":{"line":73,"column":13}}],"line":65},"2":{"loc":{"start":{"line":69,"column":19},"end":{"line":73,"column":13}},"type":"if","locations":[{"start":{"line":69,"column":19},"end":{"line":73,"column":13}},{"start":{"line":71,"column":19},"end":{"line":73,"column":13}}],"line":69},"3":{"loc":{"start":{"line":106,"column":17},"end":{"line":106,"column":106}},"type":"binary-expr","locations":[{"start":{"line":106,"column":17},"end":{"line":106,"column":22}},{"start":{"line":106,"column":26},"end":{"line":106,"column":106}}],"line":106},"4":{"loc":{"start":{"line":107,"column":17},"end":{"line":107,"column":113}},"type":"binary-expr","locations":[{"start":{"line":107,"column":17},"end":{"line":107,"column":24}},{"start":{"line":107,"column":28},"end":{"line":107,"column":113}}],"line":107},"5":{"loc":{"start":{"line":138,"column":53},"end":{"line":138,"column":139}},"type":"cond-expr","locations":[{"start":{"line":138,"column":81},"end":{"line":138,"column":102}},{"start":{"line":138,"column":105},"end":{"line":138,"column":139}}],"line":138},"6":{"loc":{"start":{"line":159,"column":45},"end":{"line":159,"column":163}},"type":"cond-expr","locations":[{"start":{"line":159,"column":77},"end":{"line":159,"column":112}},{"start":{"line":159,"column":115},"end":{"line":159,"column":163}}],"line":159},"7":{"loc":{"start":{"line":223,"column":37},"end":{"line":226,"column":76}},"type":"cond-expr","locations":[{"start":{"line":223,"column":61},"end":{"line":223,"column":72}},{"start":{"line":224,"column":37},"end":{"line":226,"column":76}}],"line":223},"8":{"loc":{"start":{"line":224,"column":37},"end":{"line":226,"column":76}},"type":"cond-expr","locations":[{"start":{"line":224,"column":61},"end":{"line":224,"column":67}},{"start":{"line":225,"column":37},"end":{"line":226,"column":76}}],"line":224},"9":{"loc":{"start":{"line":225,"column":37},"end":{"line":226,"column":76}},"type":"cond-expr","locations":[{"start":{"line":225,"column":61},"end":{"line":225,"column":70}},{"start":{"line":226,"column":37},"end":{"line":226,"column":76}}],"line":225},"10":{"loc":{"start":{"line":226,"column":37},"end":{"line":226,"column":76}},"type":"cond-expr","locations":[{"start":{"line":226,"column":61},"end":{"line":226,"column":67}},{"start":{"line":226,"column":70},"end":{"line":226,"column":76}}],"line":226},"11":{"loc":{"start":{"line":253,"column":25},"end":{"line":260,"column":25}},"type":"cond-expr","locations":[{"start":{"line":254,"column":28},"end":{"line":257,"column":31}},{"start":{"line":259,"column":28},"end":{"line":259,"column":42}}],"line":253}},"s":{"0":1,"1":26,"2":26,"3":26,"4":26,"5":26,"6":26,"7":4,"8":4,"9":4,"10":4,"11":4,"12":4,"13":3,"14":3,"15":3,"16":3,"17":3,"18":0,"19":1,"20":1,"21":0,"22":0,"23":1,"24":1,"25":0,"26":4,"27":26,"28":9,"29":26,"30":0,"31":26,"32":1,"33":26,"34":0,"35":0,"36":78,"37":0,"38":182,"39":1},"f":{"0":26,"1":4,"2":0,"3":9,"4":0,"5":1,"6":0,"7":0,"8":78,"9":0,"10":182,"11":1},"b":{"0":[3,0],"1":[0,1],"2":[1,0],"3":[26,1],"4":[26,1],"5":[26,52],"6":[26,156],"7":[0,26],"8":[0,26],"9":[26,0],"10":[0,0],"11":[4,22]},"_coverageSchema":"1a1c01bbd47fc00a2c39e90264f33305004495a9","hash":"12068d5bc52b873730a65c2e0a28a23415b1769b"}
,"/Users/aliyakhan/Desktop/Aliya/Coding/Projects/activity-tracker/frontend/src/components/Dashboard/ActivityTable.jsx": {"path":"/Users/aliyakhan/Desktop/Aliya/Coding/Projects/activity-tracker/frontend/src/components/Dashboard/ActivityTable.jsx","statementMap":{"0":{"start":{"line":5,"column":22},"end":{"line":692,"column":1}},"1":{"start":{"line":6,"column":40},"end":{"line":6,"column":52}},"2":{"start":{"line":7,"column":34},"end":{"line":7,"column":48}},"3":{"start":{"line":8,"column":30},"end":{"line":8,"column":42}},"4":{"start":{"line":9,"column":42},"end":{"line":9,"column":53}},"5":{"start":{"line":10,"column":40},"end":{"line":10,"column":51}},"6":{"start":{"line":11,"column":40},"end":{"line":11,"column":51}},"7":{"start":{"line":14,"column":46},"end":{"line":14,"column":61}},"8":{"start":{"line":15,"column":50},"end":{"line":15,"column":64}},"9":{"start":{"line":16,"column":44},"end":{"line":24,"column":6}},"10":{"start":{"line":25,"column":42},"end":{"line":25,"column":57}},"11":{"start":{"line":26,"column":38},"end":{"line":26,"column":50}},"12":{"start":{"line":29,"column":34},"end":{"line":35,"column":6}},"13":{"start":{"line":37,"column":23},"end":{"line":50,"column":5}},"14":{"start":{"line":52,"column":28},"end":{"line":128,"column":33}},"15":{"start":{"line":53,"column":8},"end":{"line":53,"column":25}},"16":{"start":{"line":54,"column":8},"end":{"line":54,"column":21}},"17":{"start":{"line":57,"column":23},"end":{"line":60,"column":9}},"18":{"start":{"line":63,"column":8},"end":{"line":63,"column":59}},"19":{"start":{"line":63,"column":28},"end":{"line":63,"column":59}},"20":{"start":{"line":64,"column":8},"end":{"line":64,"column":75}},"21":{"start":{"line":64,"column":40},"end":{"line":64,"column":75}},"22":{"start":{"line":67,"column":8},"end":{"line":95,"column":9}},"23":{"start":{"line":68,"column":26},"end":{"line":68,"column":36}},"24":{"start":{"line":69,"column":30},"end":{"line":69,"column":40}},"25":{"start":{"line":71,"column":12},"end":{"line":94,"column":13}},"26":{"start":{"line":73,"column":20},"end":{"line":73,"column":51}},"27":{"start":{"line":74,"column":20},"end":{"line":74,"column":78}},"28":{"start":{"line":75,"column":20},"end":{"line":75,"column":72}},"29":{"start":{"line":76,"column":20},"end":{"line":76,"column":26}},"30":{"start":{"line":78,"column":20},"end":{"line":78,"column":59}},"31":{"start":{"line":79,"column":20},"end":{"line":79,"column":78}},"32":{"start":{"line":80,"column":20},"end":{"line":80,"column":72}},"33":{"start":{"line":81,"column":20},"end":{"line":81,"column":26}},"34":{"start":{"line":83,"column":20},"end":{"line":83,"column":60}},"35":{"start":{"line":84,"column":20},"end":{"line":84,"column":78}},"36":{"start":{"line":85,"column":20},"end":{"line":85,"column":72}},"37":{"start":{"line":86,"column":20},"end":{"line":86,"column":26}},"38":{"start":{"line":88,"column":20},"end":{"line":88,"column":83}},"39":{"start":{"line":88,"column":44},"end":{"line":88,"column":83}},"40":{"start":{"line":89,"column":20},"end":{"line":89,"column":77}},"41":{"start":{"line":89,"column":42},"end":{"line":89,"column":77}},"42":{"start":{"line":90,"column":20},"end":{"line":90,"column":26}},"43":{"start":{"line":93,"column":20},"end":{"line":93,"column":26}},"44":{"start":{"line":97,"column":8},"end":{"line":127,"column":9}},"45":{"start":{"line":98,"column":29},"end":{"line":98,"column":65}},"46":{"start":{"line":101,"column":12},"end":{"line":119,"column":13}},"47":{"start":{"line":103,"column":16},"end":{"line":103,"column":50}},"48":{"start":{"line":104,"column":16},"end":{"line":104,"column":60}},"49":{"start":{"line":105,"column":16},"end":{"line":105,"column":64}},"50":{"start":{"line":106,"column":16},"end":{"line":106,"column":56}},"51":{"start":{"line":107,"column":19},"end":{"line":119,"column":13}},"52":{"start":{"line":109,"column":16},"end":{"line":109,"column":45}},"53":{"start":{"line":110,"column":16},"end":{"line":110,"column":33}},"54":{"start":{"line":111,"column":16},"end":{"line":111,"column":34}},"55":{"start":{"line":112,"column":16},"end":{"line":112,"column":57}},"56":{"start":{"line":115,"column":16},"end":{"line":115,"column":34}},"57":{"start":{"line":116,"column":16},"end":{"line":116,"column":33}},"58":{"start":{"line":117,"column":16},"end":{"line":117,"column":34}},"59":{"start":{"line":118,"column":16},"end":{"line":118,"column":33}},"60":{"start":{"line":121,"column":12},"end":{"line":121,"column":63}},"61":{"start":{"line":122,"column":12},"end":{"line":122,"column":102}},"62":{"start":{"line":123,"column":12},"end":{"line":123,"column":30}},"63":{"start":{"line":124,"column":12},"end":{"line":124,"column":29}},"64":{"start":{"line":126,"column":12},"end":{"line":126,"column":30}},"65":{"start":{"line":130,"column":4},"end":{"line":132,"column":55}},"66":{"start":{"line":131,"column":8},"end":{"line":131,"column":37}},"67":{"start":{"line":134,"column":23},"end":{"line":147,"column":5}},"68":{"start":{"line":135,"column":8},"end":{"line":135,"column":37}},"69":{"start":{"line":136,"column":8},"end":{"line":144,"column":11}},"70":{"start":{"line":145,"column":8},"end":{"line":145,"column":25}},"71":{"start":{"line":146,"column":8},"end":{"line":146,"column":31}},"72":{"start":{"line":149,"column":25},"end":{"line":173,"column":5}},"73":{"start":{"line":150,"column":8},"end":{"line":150,"column":37}},"74":{"start":{"line":150,"column":30},"end":{"line":150,"column":37}},"75":{"start":{"line":152,"column":8},"end":{"line":152,"column":29}},"76":{"start":{"line":153,"column":8},"end":{"line":153,"column":25}},"77":{"start":{"line":155,"column":8},"end":{"line":172,"column":9}},"78":{"start":{"line":156,"column":12},"end":{"line":156,"column":98}},"79":{"start":{"line":157,"column":12},"end":{"line":157,"column":36}},"80":{"start":{"line":158,"column":12},"end":{"line":158,"column":41}},"81":{"start":{"line":161,"column":12},"end":{"line":161,"column":52}},"82":{"start":{"line":163,"column":12},"end":{"line":163,"column":61}},"83":{"start":{"line":164,"column":12},"end":{"line":169,"column":13}},"84":{"start":{"line":165,"column":38},"end":{"line":165,"column":86}},"85":{"start":{"line":166,"column":16},"end":{"line":166,"column":55}},"86":{"start":{"line":168,"column":16},"end":{"line":168,"column":110}},"87":{"start":{"line":171,"column":12},"end":{"line":171,"column":34}},"88":{"start":{"line":175,"column":25},"end":{"line":186,"column":5}},"89":{"start":{"line":176,"column":8},"end":{"line":185,"column":9}},"90":{"start":{"line":177,"column":12},"end":{"line":184,"column":13}},"91":{"start":{"line":178,"column":16},"end":{"line":178,"column":49}},"92":{"start":{"line":179,"column":16},"end":{"line":179,"column":45}},"93":{"start":{"line":180,"column":16},"end":{"line":180,"column":56}},"94":{"start":{"line":182,"column":16},"end":{"line":182,"column":65}},"95":{"start":{"line":183,"column":16},"end":{"line":183,"column":84}},"96":{"start":{"line":188,"column":31},"end":{"line":201,"column":5}},"97":{"start":{"line":189,"column":27},"end":{"line":192,"column":9}},"98":{"start":{"line":195,"column":8},"end":{"line":198,"column":9}},"99":{"start":{"line":196,"column":12},"end":{"line":196,"column":39}},"100":{"start":{"line":197,"column":12},"end":{"line":197,"column":37}},"101":{"start":{"line":200,"column":8},"end":{"line":200,"column":31}},"102":{"start":{"line":203,"column":31},"end":{"line":206,"column":5}},"103":{"start":{"line":204,"column":8},"end":{"line":204,"column":26}},"104":{"start":{"line":205,"column":8},"end":{"line":205,"column":27}},"105":{"start":{"line":208,"column":31},"end":{"line":219,"column":5}},"106":{"start":{"line":209,"column":8},"end":{"line":215,"column":11}},"107":{"start":{"line":216,"column":8},"end":{"line":216,"column":26}},"108":{"start":{"line":218,"column":8},"end":{"line":218,"column":48}},"109":{"start":{"line":218,"column":25},"end":{"line":218,"column":43}},"110":{"start":{"line":221,"column":29},"end":{"line":228,"column":5}},"111":{"start":{"line":222,"column":8},"end":{"line":227,"column":9}},"112":{"start":{"line":223,"column":30},"end":{"line":223,"column":47}},"113":{"start":{"line":224,"column":33},"end":{"line":224,"column":50}},"114":{"start":{"line":225,"column":27},"end":{"line":225,"column":44}},"115":{"start":{"line":226,"column":21},"end":{"line":226,"column":40}},"116":{"start":{"line":230,"column":28},"end":{"line":236,"column":5}},"117":{"start":{"line":231,"column":8},"end":{"line":231,"column":38}},"118":{"start":{"line":231,"column":26},"end":{"line":231,"column":38}},"119":{"start":{"line":232,"column":8},"end":{"line":232,"column":38}},"120":{"start":{"line":232,"column":26},"end":{"line":232,"column":38}},"121":{"start":{"line":233,"column":8},"end":{"line":233,"column":38}},"122":{"start":{"line":233,"column":26},"end":{"line":233,"column":38}},"123":{"start":{"line":234,"column":8},"end":{"line":234,"column":38}},"124":{"start":{"line":234,"column":26},"end":{"line":234,"column":38}},"125":{"start":{"line":235,"column":8},"end":{"line":235,"column":20}},"126":{"start":{"line":238,"column":23},"end":{"line":249,"column":5}},"127":{"start":{"line":239,"column":8},"end":{"line":248,"column":9}},"128":{"start":{"line":240,"column":25},"end":{"line":240,"column":45}},"129":{"start":{"line":241,"column":12},"end":{"line":245,"column":15}},"130":{"start":{"line":247,"column":12},"end":{"line":247,"column":30}},"131":{"start":{"line":251,"column":20},"end":{"line":258,"column":5}},"132":{"start":{"line":252,"column":8},"end":{"line":257,"column":9}},"133":{"start":{"line":253,"column":26},"end":{"line":253,"column":64}},"134":{"start":{"line":254,"column":12},"end":{"line":254,"column":40}},"135":{"start":{"line":256,"column":12},"end":{"line":256,"column":25}},"136":{"start":{"line":261,"column":23},"end":{"line":366,"column":5}},"137":{"start":{"line":262,"column":8},"end":{"line":365,"column":15}},"138":{"start":{"line":273,"column":49},"end":{"line":273,"column":93}},"139":{"start":{"line":284,"column":49},"end":{"line":284,"column":95}},"140":{"start":{"line":300,"column":49},"end":{"line":300,"column":97}},"141":{"start":{"line":342,"column":53},"end":{"line":342,"column":101}},"142":{"start":{"line":355,"column":53},"end":{"line":355,"column":99}},"143":{"start":{"line":369,"column":22},"end":{"line":518,"column":5}},"144":{"start":{"line":370,"column":8},"end":{"line":517,"column":16}},"145":{"start":{"line":370,"column":50},"end":{"line":370,"column":73}},"146":{"start":{"line":376,"column":59},"end":{"line":376,"column":75}},"147":{"start":{"line":390,"column":57},"end":{"line":390,"column":114}},"148":{"start":{"line":402,"column":44},"end":{"line":414,"column":53}},"149":{"start":{"line":406,"column":63},"end":{"line":410,"column":50}},"150":{"start":{"line":425,"column":36},"end":{"line":432,"column":45}},"151":{"start":{"line":429,"column":55},"end":{"line":429,"column":108}},"152":{"start":{"line":443,"column":57},"end":{"line":443,"column":127}},"153":{"start":{"line":461,"column":57},"end":{"line":461,"column":113}},"154":{"start":{"line":472,"column":49},"end":{"line":472,"column":118}},"155":{"start":{"line":496,"column":49},"end":{"line":496,"column":106}},"156":{"start":{"line":505,"column":59},"end":{"line":505,"column":82}},"157":{"start":{"line":520,"column":4},"end":{"line":532,"column":5}},"158":{"start":{"line":521,"column":8},"end":{"line":531,"column":10}},"159":{"start":{"line":534,"column":4},"end":{"line":691,"column":6}},"160":{"start":{"line":583,"column":36},"end":{"line":641,"column":41}},"161":{"start":{"line":626,"column":67},"end":{"line":626,"column":87}},"162":{"start":{"line":634,"column":67},"end":{"line":634,"column":108}},"163":{"start":{"line":657,"column":51},"end":{"line":657,"column":96}},"164":{"start":{"line":657,"column":74},"end":{"line":657,"column":95}},"165":{"start":{"line":661,"column":36},"end":{"line":669,"column":37}},"166":{"start":{"line":662,"column":40},"end":{"line":662,"column":60}},"167":{"start":{"line":663,"column":43},"end":{"line":669,"column":37}},"168":{"start":{"line":664,"column":40},"end":{"line":664,"column":60}},"169":{"start":{"line":665,"column":43},"end":{"line":669,"column":37}},"170":{"start":{"line":666,"column":40},"end":{"line":666,"column":73}},"171":{"start":{"line":668,"column":40},"end":{"line":668,"column":74}},"172":{"start":{"line":671,"column":36},"end":{"line":679,"column":38}},"173":{"start":{"line":675,"column":59},"end":{"line":675,"column":82}},"174":{"start":{"line":683,"column":51},"end":{"line":683,"column":105}},"175":{"start":{"line":683,"column":74},"end":{"line":683,"column":104}}},"fnMap":{"0":{"name":"(anonymous_0)","decl":{"start":{"line":5,"column":22},"end":{"line":5,"column":23}},"loc":{"start":{"line":5,"column":46},"end":{"line":692,"column":1}},"line":5},"1":{"name":"(anonymous_1)","decl":{"start":{"line":52,"column":40},"end":{"line":52,"column":41}},"loc":{"start":{"line":52,"column":60},"end":{"line":128,"column":5}},"line":52},"2":{"name":"(anonymous_2)","decl":{"start":{"line":130,"column":14},"end":{"line":130,"column":15}},"loc":{"start":{"line":130,"column":20},"end":{"line":132,"column":5}},"line":130},"3":{"name":"(anonymous_3)","decl":{"start":{"line":134,"column":23},"end":{"line":134,"column":24}},"loc":{"start":{"line":134,"column":37},"end":{"line":147,"column":5}},"line":134},"4":{"name":"(anonymous_4)","decl":{"start":{"line":149,"column":25},"end":{"line":149,"column":26}},"loc":{"start":{"line":149,"column":37},"end":{"line":173,"column":5}},"line":149},"5":{"name":"(anonymous_5)","decl":{"start":{"line":175,"column":25},"end":{"line":175,"column":26}},"loc":{"start":{"line":175,"column":39},"end":{"line":186,"column":5}},"line":175},"6":{"name":"(anonymous_6)","decl":{"start":{"line":188,"column":31},"end":{"line":188,"column":32}},"loc":{"start":{"line":188,"column":47},"end":{"line":201,"column":5}},"line":188},"7":{"name":"(anonymous_7)","decl":{"start":{"line":203,"column":31},"end":{"line":203,"column":32}},"loc":{"start":{"line":203,"column":37},"end":{"line":206,"column":5}},"line":203},"8":{"name":"(anonymous_8)","decl":{"start":{"line":208,"column":31},"end":{"line":208,"column":32}},"loc":{"start":{"line":208,"column":37},"end":{"line":219,"column":5}},"line":208},"9":{"name":"(anonymous_9)","decl":{"start":{"line":218,"column":19},"end":{"line":218,"column":20}},"loc":{"start":{"line":218,"column":25},"end":{"line":218,"column":43}},"line":218},"10":{"name":"(anonymous_10)","decl":{"start":{"line":221,"column":29},"end":{"line":221,"column":30}},"loc":{"start":{"line":221,"column":43},"end":{"line":228,"column":5}},"line":221},"11":{"name":"(anonymous_11)","decl":{"start":{"line":230,"column":28},"end":{"line":230,"column":29}},"loc":{"start":{"line":230,"column":41},"end":{"line":236,"column":5}},"line":230},"12":{"name":"(anonymous_12)","decl":{"start":{"line":238,"column":23},"end":{"line":238,"column":24}},"loc":{"start":{"line":238,"column":39},"end":{"line":249,"column":5}},"line":238},"13":{"name":"(anonymous_13)","decl":{"start":{"line":251,"column":20},"end":{"line":251,"column":21}},"loc":{"start":{"line":251,"column":36},"end":{"line":258,"column":5}},"line":251},"14":{"name":"(anonymous_14)","decl":{"start":{"line":261,"column":23},"end":{"line":261,"column":24}},"loc":{"start":{"line":262,"column":8},"end":{"line":365,"column":15}},"line":262},"15":{"name":"(anonymous_15)","decl":{"start":{"line":273,"column":42},"end":{"line":273,"column":43}},"loc":{"start":{"line":273,"column":49},"end":{"line":273,"column":93}},"line":273},"16":{"name":"(anonymous_16)","decl":{"start":{"line":284,"column":42},"end":{"line":284,"column":43}},"loc":{"start":{"line":284,"column":49},"end":{"line":284,"column":95}},"line":284},"17":{"name":"(anonymous_17)","decl":{"start":{"line":300,"column":42},"end":{"line":300,"column":43}},"loc":{"start":{"line":300,"column":49},"end":{"line":300,"column":97}},"line":300},"18":{"name":"(anonymous_18)","decl":{"start":{"line":342,"column":46},"end":{"line":342,"column":47}},"loc":{"start":{"line":342,"column":53},"end":{"line":342,"column":101}},"line":342},"19":{"name":"(anonymous_19)","decl":{"start":{"line":355,"column":46},"end":{"line":355,"column":47}},"loc":{"start":{"line":355,"column":53},"end":{"line":355,"column":99}},"line":355},"20":{"name":"(anonymous_20)","decl":{"start":{"line":369,"column":22},"end":{"line":369,"column":23}},"loc":{"start":{"line":370,"column":8},"end":{"line":517,"column":16}},"line":370},"21":{"name":"(anonymous_21)","decl":{"start":{"line":370,"column":44},"end":{"line":370,"column":45}},"loc":{"start":{"line":370,"column":50},"end":{"line":370,"column":73}},"line":370},"22":{"name":"(anonymous_22)","decl":{"start":{"line":376,"column":53},"end":{"line":376,"column":54}},"loc":{"start":{"line":376,"column":59},"end":{"line":376,"column":75}},"line":376},"23":{"name":"(anonymous_23)","decl":{"start":{"line":390,"column":50},"end":{"line":390,"column":51}},"loc":{"start":{"line":390,"column":57},"end":{"line":390,"column":114}},"line":390},"24":{"name":"(anonymous_24)","decl":{"start":{"line":401,"column":69},"end":{"line":401,"column":70}},"loc":{"start":{"line":402,"column":44},"end":{"line":414,"column":53}},"line":402},"25":{"name":"(anonymous_25)","decl":{"start":{"line":406,"column":57},"end":{"line":406,"column":58}},"loc":{"start":{"line":406,"column":63},"end":{"line":410,"column":50}},"line":406},"26":{"name":"(anonymous_26)","decl":{"start":{"line":424,"column":86},"end":{"line":424,"column":87}},"loc":{"start":{"line":425,"column":36},"end":{"line":432,"column":45}},"line":425},"27":{"name":"(anonymous_27)","decl":{"start":{"line":429,"column":49},"end":{"line":429,"column":50}},"loc":{"start":{"line":429,"column":55},"end":{"line":429,"column":108}},"line":429},"28":{"name":"(anonymous_28)","decl":{"start":{"line":443,"column":50},"end":{"line":443,"column":51}},"loc":{"start":{"line":443,"column":57},"end":{"line":443,"column":127}},"line":443},"29":{"name":"(anonymous_29)","decl":{"start":{"line":461,"column":50},"end":{"line":461,"column":51}},"loc":{"start":{"line":461,"column":57},"end":{"line":461,"column":113}},"line":461},"30":{"name":"(anonymous_30)","decl":{"start":{"line":472,"column":42},"end":{"line":472,"column":43}},"loc":{"start":{"line":472,"column":49},"end":{"line":472,"column":118}},"line":472},"31":{"name":"(anonymous_31)","decl":{"start":{"line":496,"column":42},"end":{"line":496,"column":43}},"loc":{"start":{"line":496,"column":49},"end":{"line":496,"column":106}},"line":496},"32":{"name":"(anonymous_32)","decl":{"start":{"line":505,"column":53},"end":{"line":505,"column":54}},"loc":{"start":{"line":505,"column":59},"end":{"line":505,"column":82}},"line":505},"33":{"name":"(anonymous_33)","decl":{"start":{"line":582,"column":47},"end":{"line":582,"column":48}},"loc":{"start":{"line":583,"column":36},"end":{"line":641,"column":41}},"line":583},"34":{"name":"(anonymous_34)","decl":{"start":{"line":626,"column":61},"end":{"line":626,"column":62}},"loc":{"start":{"line":626,"column":67},"end":{"line":626,"column":87}},"line":626},"35":{"name":"(anonymous_35)","decl":{"start":{"line":634,"column":61},"end":{"line":634,"column":62}},"loc":{"start":{"line":634,"column":67},"end":{"line":634,"column":108}},"line":634},"36":{"name":"(anonymous_36)","decl":{"start":{"line":657,"column":45},"end":{"line":657,"column":46}},"loc":{"start":{"line":657,"column":51},"end":{"line":657,"column":96}},"line":657},"37":{"name":"(anonymous_37)","decl":{"start":{"line":657,"column":66},"end":{"line":657,"column":67}},"loc":{"start":{"line":657,"column":74},"end":{"line":657,"column":95}},"line":657},"38":{"name":"(anonymous_38)","decl":{"start":{"line":659,"column":73},"end":{"line":659,"column":74}},"loc":{"start":{"line":659,"column":87},"end":{"line":680,"column":33}},"line":659},"39":{"name":"(anonymous_39)","decl":{"start":{"line":675,"column":53},"end":{"line":675,"column":54}},"loc":{"start":{"line":675,"column":59},"end":{"line":675,"column":82}},"line":675},"40":{"name":"(anonymous_40)","decl":{"start":{"line":683,"column":45},"end":{"line":683,"column":46}},"loc":{"start":{"line":683,"column":51},"end":{"line":683,"column":105}},"line":683},"41":{"name":"(anonymous_41)","decl":{"start":{"line":683,"column":66},"end":{"line":683,"column":67}},"loc":{"start":{"line":683,"column":74},"end":{"line":683,"column":104}},"line":683}},"branchMap":{"0":{"loc":{"start":{"line":52,"column":47},"end":{"line":52,"column":55}},"type":"default-arg","locations":[{"start":{"line":52,"column":54},"end":{"line":52,"column":55}}],"line":52},"1":{"loc":{"start":{"line":63,"column":8},"end":{"line":63,"column":59}},"type":"if","locations":[{"start":{"line":63,"column":8},"end":{"line":63,"column":59}},{"start":{},"end":{}}],"line":63},"2":{"loc":{"start":{"line":64,"column":8},"end":{"line":64,"column":75}},"type":"if","locations":[{"start":{"line":64,"column":8},"end":{"line":64,"column":75}},{"start":{},"end":{}}],"line":64},"3":{"loc":{"start":{"line":67,"column":8},"end":{"line":95,"column":9}},"type":"if","locations":[{"start":{"line":67,"column":8},"end":{"line":95,"column":9}},{"start":{},"end":{}}],"line":67},"4":{"loc":{"start":{"line":71,"column":12},"end":{"line":94,"column":13}},"type":"switch","locations":[{"start":{"line":72,"column":16},"end":{"line":76,"column":26}},{"start":{"line":77,"column":16},"end":{"line":81,"column":26}},{"start":{"line":82,"column":16},"end":{"line":86,"column":26}},{"start":{"line":87,"column":16},"end":{"line":90,"column":26}},{"start":{"line":91,"column":16},"end":{"line":93,"column":26}}],"line":71},"5":{"loc":{"start":{"line":88,"column":20},"end":{"line":88,"column":83}},"type":"if","locations":[{"start":{"line":88,"column":20},"end":{"line":88,"column":83}},{"start":{},"end":{}}],"line":88},"6":{"loc":{"start":{"line":89,"column":20},"end":{"line":89,"column":77}},"type":"if","locations":[{"start":{"line":89,"column":20},"end":{"line":89,"column":77}},{"start":{},"end":{}}],"line":89},"7":{"loc":{"start":{"line":101,"column":12},"end":{"line":119,"column":13}},"type":"if","locations":[{"start":{"line":101,"column":12},"end":{"line":119,"column":13}},{"start":{"line":107,"column":19},"end":{"line":119,"column":13}}],"line":101},"8":{"loc":{"start":{"line":101,"column":16},"end":{"line":101,"column":51}},"type":"binary-expr","locations":[{"start":{"line":101,"column":16},"end":{"line":101,"column":29}},{"start":{"line":101,"column":33},"end":{"line":101,"column":51}}],"line":101},"9":{"loc":{"start":{"line":104,"column":30},"end":{"line":104,"column":58}},"type":"binary-expr","locations":[{"start":{"line":104,"column":30},"end":{"line":104,"column":53}},{"start":{"line":104,"column":57},"end":{"line":104,"column":58}}],"line":104},"10":{"loc":{"start":{"line":105,"column":31},"end":{"line":105,"column":62}},"type":"binary-expr","locations":[{"start":{"line":105,"column":31},"end":{"line":105,"column":57}},{"start":{"line":105,"column":61},"end":{"line":105,"column":62}}],"line":105},"11":{"loc":{"start":{"line":106,"column":30},"end":{"line":106,"column":54}},"type":"binary-expr","locations":[{"start":{"line":106,"column":30},"end":{"line":106,"column":49}},{"start":{"line":106,"column":53},"end":{"line":106,"column":54}}],"line":106},"12":{"loc":{"start":{"line":107,"column":19},"end":{"line":119,"column":13}},"type":"if","locations":[{"start":{"line":107,"column":19},"end":{"line":119,"column":13}},{"start":{"line":113,"column":19},"end":{"line":119,"column":13}}],"line":107},"13":{"loc":{"start":{"line":112,"column":30},"end":{"line":112,"column":55}},"type":"binary-expr","locations":[{"start":{"line":112,"column":30},"end":{"line":112,"column":50}},{"start":{"line":112,"column":54},"end":{"line":112,"column":55}}],"line":112},"14":{"loc":{"start":{"line":122,"column":21},"end":{"line":122,"column":100}},"type":"binary-expr","locations":[{"start":{"line":122,"column":21},"end":{"line":122,"column":50}},{"start":{"line":122,"column":54},"end":{"line":122,"column":100}}],"line":122},"15":{"loc":{"start":{"line":137,"column":19},"end":{"line":137,"column":39}},"type":"binary-expr","locations":[{"start":{"line":137,"column":19},"end":{"line":137,"column":33}},{"start":{"line":137,"column":37},"end":{"line":137,"column":39}}],"line":137},"16":{"loc":{"start":{"line":138,"column":22},"end":{"line":138,"column":54}},"type":"binary-expr","locations":[{"start":{"line":138,"column":22},"end":{"line":138,"column":39}},{"start":{"line":138,"column":43},"end":{"line":138,"column":54}}],"line":138},"17":{"loc":{"start":{"line":139,"column":26},"end":{"line":139,"column":57}},"type":"binary-expr","locations":[{"start":{"line":139,"column":26},"end":{"line":139,"column":47}},{"start":{"line":139,"column":51},"end":{"line":139,"column":57}}],"line":139},"18":{"loc":{"start":{"line":140,"column":22},"end":{"line":140,"column":45}},"type":"binary-expr","locations":[{"start":{"line":140,"column":22},"end":{"line":140,"column":39}},{"start":{"line":140,"column":43},"end":{"line":140,"column":45}}],"line":140},"19":{"loc":{"start":{"line":141,"column":18},"end":{"line":141,"column":102}},"type":"cond-expr","locations":[{"start":{"line":141,"column":34},"end":{"line":141,"column":61}},{"start":{"line":141,"column":64},"end":{"line":141,"column":102}}],"line":141},"20":{"loc":{"start":{"line":142,"column":21},"end":{"line":142,"column":42}},"type":"binary-expr","locations":[{"start":{"line":142,"column":21},"end":{"line":142,"column":37}},{"start":{"line":142,"column":41},"end":{"line":142,"column":42}}],"line":142},"21":{"loc":{"start":{"line":143,"column":19},"end":{"line":143,"column":39}},"type":"binary-expr","locations":[{"start":{"line":143,"column":19},"end":{"line":143,"column":33}},{"start":{"line":143,"column":37},"end":{"line":143,"column":39}}],"line":143},"22":{"loc":{"start":{"line":150,"column":8},"end":{"line":150,"column":37}},"type":"if","locations":[{"start":{"line":150,"column":8},"end":{"line":150,"column":37}},{"start":{},"end":{}}],"line":150},"23":{"loc":{"start":{"line":156,"column":41},"end":{"line":156,"column":82}},"type":"binary-expr","locations":[{"start":{"line":156,"column":41},"end":{"line":156,"column":60}},{"start":{"line":156,"column":64},"end":{"line":156,"column":82}}],"line":156},"24":{"loc":{"start":{"line":164,"column":12},"end":{"line":169,"column":13}},"type":"if","locations":[{"start":{"line":164,"column":12},"end":{"line":169,"column":13}},{"start":{"line":167,"column":19},"end":{"line":169,"column":13}}],"line":164},"25":{"loc":{"start":{"line":168,"column":29},"end":{"line":168,"column":108}},"type":"binary-expr","locations":[{"start":{"line":168,"column":29},"end":{"line":168,"column":58}},{"start":{"line":168,"column":62},"end":{"line":168,"column":108}}],"line":168},"26":{"loc":{"start":{"line":176,"column":8},"end":{"line":185,"column":9}},"type":"if","locations":[{"start":{"line":176,"column":8},"end":{"line":185,"column":9}},{"start":{},"end":{}}],"line":176},"27":{"loc":{"start":{"line":183,"column":22},"end":{"line":183,"column":82}},"type":"binary-expr","locations":[{"start":{"line":183,"column":22},"end":{"line":183,"column":51}},{"start":{"line":183,"column":55},"end":{"line":183,"column":82}}],"line":183},"28":{"loc":{"start":{"line":195,"column":8},"end":{"line":198,"column":9}},"type":"if","locations":[{"start":{"line":195,"column":8},"end":{"line":198,"column":9}},{"start":{},"end":{}}],"line":195},"29":{"loc":{"start":{"line":195,"column":12},"end":{"line":195,"column":54}},"type":"binary-expr","locations":[{"start":{"line":195,"column":12},"end":{"line":195,"column":32}},{"start":{"line":195,"column":36},"end":{"line":195,"column":54}}],"line":195},"30":{"loc":{"start":{"line":222,"column":8},"end":{"line":227,"column":9}},"type":"switch","locations":[{"start":{"line":223,"column":12},"end":{"line":223,"column":47}},{"start":{"line":224,"column":12},"end":{"line":224,"column":50}},{"start":{"line":225,"column":12},"end":{"line":225,"column":44}},{"start":{"line":226,"column":12},"end":{"line":226,"column":40}}],"line":222},"31":{"loc":{"start":{"line":231,"column":8},"end":{"line":231,"column":38}},"type":"if","locations":[{"start":{"line":231,"column":8},"end":{"line":231,"column":38}},{"start":{},"end":{}}],"line":231},"32":{"loc":{"start":{"line":232,"column":8},"end":{"line":232,"column":38}},"type":"if","locations":[{"start":{"line":232,"column":8},"end":{"line":232,"column":38}},{"start":{},"end":{}}],"line":232},"33":{"loc":{"start":{"line":233,"column":8},"end":{"line":233,"column":38}},"type":"if","locations":[{"start":{"line":233,"column":8},"end":{"line":233,"column":38}},{"start":{},"end":{}}],"line":233},"34":{"loc":{"start":{"line":234,"column":8},"end":{"line":234,"column":38}},"type":"if","locations":[{"start":{"line":234,"column":8},"end":{"line":234,"column":38}},{"start":{},"end":{}}],"line":234},"35":{"loc":{"start":{"line":334,"column":17},"end":{"line":363,"column":17}},"type":"binary-expr","locations":[{"start":{"line":334,"column":17},"end":{"line":334,"column":48}},{"start":{"line":335,"column":20},"end":{"line":362,"column":26}}],"line":334},"36":{"loc":{"start":{"line":344,"column":41},"end":{"line":344,"column":99}},"type":"binary-expr","locations":[{"start":{"line":344,"column":41},"end":{"line":344,"column":57}},{"start":{"line":344,"column":61},"end":{"line":344,"column":99}}],"line":344},"37":{"loc":{"start":{"line":375,"column":17},"end":{"line":379,"column":17}},"type":"binary-expr","locations":[{"start":{"line":375,"column":17},"end":{"line":375,"column":26}},{"start":{"line":376,"column":20},"end":{"line":378,"column":28}}],"line":375},"38":{"loc":{"start":{"line":381,"column":17},"end":{"line":502,"column":17}},"type":"binary-expr","locations":[{"start":{"line":381,"column":17},"end":{"line":381,"column":32}},{"start":{"line":382,"column":20},"end":{"line":501,"column":27}}],"line":381},"39":{"loc":{"start":{"line":405,"column":57},"end":{"line":405,"column":147}},"type":"cond-expr","locations":[{"start":{"line":405,"column":89},"end":{"line":405,"column":110}},{"start":{"line":405,"column":113},"end":{"line":405,"column":147}}],"line":405},"40":{"loc":{"start":{"line":428,"column":49},"end":{"line":428,"column":179}},"type":"cond-expr","locations":[{"start":{"line":428,"column":85},"end":{"line":428,"column":124}},{"start":{"line":428,"column":127},"end":{"line":428,"column":179}}],"line":428},"41":{"loc":{"start":{"line":481,"column":41},"end":{"line":484,"column":84}},"type":"cond-expr","locations":[{"start":{"line":481,"column":69},"end":{"line":481,"column":80}},{"start":{"line":482,"column":41},"end":{"line":484,"column":84}}],"line":481},"42":{"loc":{"start":{"line":482,"column":41},"end":{"line":484,"column":84}},"type":"cond-expr","locations":[{"start":{"line":482,"column":69},"end":{"line":482,"column":75}},{"start":{"line":483,"column":41},"end":{"line":484,"column":84}}],"line":482},"43":{"loc":{"start":{"line":483,"column":41},"end":{"line":484,"column":84}},"type":"cond-expr","locations":[{"start":{"line":483,"column":69},"end":{"line":483,"column":78}},{"start":{"line":484,"column":41},"end":{"line":484,"column":84}}],"line":483},"44":{"loc":{"start":{"line":484,"column":41},"end":{"line":484,"column":84}},"type":"cond-expr","locations":[{"start":{"line":484,"column":69},"end":{"line":484,"column":75}},{"start":{"line":484,"column":78},"end":{"line":484,"column":84}}],"line":484},"45":{"loc":{"start":{"line":509,"column":21},"end":{"line":514,"column":41}},"type":"cond-expr","locations":[{"start":{"line":510,"column":24},"end":{"line":513,"column":27}},{"start":{"line":514,"column":24},"end":{"line":514,"column":41}}],"line":509},"46":{"loc":{"start":{"line":520,"column":4},"end":{"line":532,"column":5}},"type":"if","locations":[{"start":{"line":520,"column":4},"end":{"line":532,"column":5}},{"start":{},"end":{}}],"line":520},"47":{"loc":{"start":{"line":520,"column":8},"end":{"line":520,"column":42}},"type":"binary-expr","locations":[{"start":{"line":520,"column":8},"end":{"line":520,"column":15}},{"start":{"line":520,"column":19},"end":{"line":520,"column":42}}],"line":520},"48":{"loc":{"start":{"line":542,"column":21},"end":{"line":546,"column":21}},"type":"binary-expr","locations":[{"start":{"line":542,"column":21},"end":{"line":542,"column":35}},{"start":{"line":543,"column":24},"end":{"line":545,"column":32}}],"line":542},"49":{"loc":{"start":{"line":544,"column":50},"end":{"line":544,"column":77}},"type":"cond-expr","locations":[{"start":{"line":544,"column":69},"end":{"line":544,"column":72}},{"start":{"line":544,"column":75},"end":{"line":544,"column":77}}],"line":544},"50":{"loc":{"start":{"line":562,"column":29},"end":{"line":643,"column":29}},"type":"cond-expr","locations":[{"start":{"line":563,"column":32},"end":{"line":580,"column":37}},{"start":{"line":582,"column":32},"end":{"line":642,"column":34}}],"line":562},"51":{"loc":{"start":{"line":566,"column":45},"end":{"line":568,"column":103}},"type":"cond-expr","locations":[{"start":{"line":567,"column":50},"end":{"line":567,"column":84}},{"start":{"line":568,"column":50},"end":{"line":568,"column":103}}],"line":566},"52":{"loc":{"start":{"line":566,"column":45},"end":{"line":566,"column":121}},"type":"binary-expr","locations":[{"start":{"line":566,"column":45},"end":{"line":566,"column":59}},{"start":{"line":566,"column":63},"end":{"line":566,"column":89}},{"start":{"line":566,"column":93},"end":{"line":566,"column":121}}],"line":566},"53":{"loc":{"start":{"line":570,"column":41},"end":{"line":578,"column":41}},"type":"binary-expr","locations":[{"start":{"line":570,"column":42},"end":{"line":570,"column":56}},{"start":{"line":570,"column":60},"end":{"line":570,"column":86}},{"start":{"line":570,"column":90},"end":{"line":570,"column":118}},{"start":{"line":571,"column":44},"end":{"line":577,"column":53}}],"line":570},"54":{"loc":{"start":{"line":583,"column":45},"end":{"line":583,"column":72}},"type":"binary-expr","locations":[{"start":{"line":583,"column":45},"end":{"line":583,"column":57}},{"start":{"line":583,"column":61},"end":{"line":583,"column":72}}],"line":583},"55":{"loc":{"start":{"line":587,"column":49},"end":{"line":591,"column":49}},"type":"binary-expr","locations":[{"start":{"line":587,"column":49},"end":{"line":587,"column":63}},{"start":{"line":588,"column":52},"end":{"line":590,"column":58}}],"line":587},"56":{"loc":{"start":{"line":607,"column":45},"end":{"line":609,"column":45}},"type":"binary-expr","locations":[{"start":{"line":607,"column":45},"end":{"line":607,"column":67}},{"start":{"line":608,"column":48},"end":{"line":608,"column":95}}],"line":607},"57":{"loc":{"start":{"line":634,"column":80},"end":{"line":634,"column":107}},"type":"binary-expr","locations":[{"start":{"line":634,"column":80},"end":{"line":634,"column":92}},{"start":{"line":634,"column":96},"end":{"line":634,"column":107}}],"line":634},"58":{"loc":{"start":{"line":648,"column":17},"end":{"line":688,"column":17}},"type":"binary-expr","locations":[{"start":{"line":648,"column":17},"end":{"line":648,"column":31}},{"start":{"line":649,"column":20},"end":{"line":687,"column":34}}],"line":648},"59":{"loc":{"start":{"line":661,"column":36},"end":{"line":669,"column":37}},"type":"if","locations":[{"start":{"line":661,"column":36},"end":{"line":669,"column":37}},{"start":{"line":663,"column":43},"end":{"line":669,"column":37}}],"line":661},"60":{"loc":{"start":{"line":663,"column":43},"end":{"line":669,"column":37}},"type":"if","locations":[{"start":{"line":663,"column":43},"end":{"line":669,"column":37}},{"start":{"line":665,"column":43},"end":{"line":669,"column":37}}],"line":663},"61":{"loc":{"start":{"line":665,"column":43},"end":{"line":669,"column":37}},"type":"if","locations":[{"start":{"line":665,"column":43},"end":{"line":669,"column":37}},{"start":{"line":667,"column":43},"end":{"line":669,"column":37}}],"line":665}},"s":{"0":1,"1":23,"2":23,"3":23,"4":23,"5":23,"6":23,"7":23,"8":23,"9":23,"10":23,"11":23,"12":23,"13":23,"14":23,"15":12,"16":12,"17":12,"18":12,"19":2,"20":12,"21":0,"22":12,"23":0,"24":0,"25":0,"26":0,"27":0,"28":0,"29":0,"30":0,"31":0,"32":0,"33":0,"34":0,"35":0,"36":0,"37":0,"38":0,"39":0,"40":0,"41":0,"42":0,"43":0,"44":12,"45":12,"46":11,"47":11,"48":11,"49":11,"50":11,"51":0,"52":0,"53":0,"54":0,"55":0,"56":0,"57":0,"58":0,"59":0,"60":0,"61":0,"62":0,"63":0,"64":11,"65":23,"66":10,"67":23,"68":1,"69":1,"70":1,"71":1,"72":23,"73":0,"74":0,"75":0,"76":0,"77":0,"78":0,"79":0,"80":0,"81":0,"82":0,"83":0,"84":0,"85":0,"86":0,"87":0,"88":23,"89":2,"90":1,"91":1,"92":1,"93":1,"94":0,"95":0,"96":23,"97":1,"98":1,"99":0,"100":0,"101":1,"102":23,"103":1,"104":1,"105":23,"106":0,"107":0,"108":0,"109":0,"110":23,"111":24,"112":12,"113":12,"114":0,"115":0,"116":23,"117":24,"118":0,"119":24,"120":24,"121":0,"122":0,"123":0,"124":0,"125":0,"126":23,"127":24,"128":24,"129":24,"130":0,"131":23,"132":24,"133":24,"134":24,"135":0,"136":23,"137":13,"138":1,"139":0,"140":0,"141":0,"142":0,"143":23,"144":13,"145":0,"146":0,"147":0,"148":3,"149":0,"150":7,"151":0,"152":0,"153":0,"154":0,"155":0,"156":0,"157":23,"158":9,"159":14,"160":24,"161":1,"162":2,"163":0,"164":0,"165":0,"166":0,"167":0,"168":0,"169":0,"170":0,"171":0,"172":0,"173":0,"174":0,"175":0},"f":{"0":23,"1":12,"2":10,"3":1,"4":0,"5":2,"6":1,"7":1,"8":0,"9":0,"10":24,"11":24,"12":24,"13":24,"14":13,"15":1,"16":0,"17":0,"18":0,"19":0,"20":13,"21":0,"22":0,"23":0,"24":3,"25":0,"26":7,"27":0,"28":0,"29":0,"30":0,"31":0,"32":0,"33":24,"34":1,"35":2,"36":0,"37":0,"38":0,"39":0,"40":0,"41":0},"b":{"0":[0],"1":[2,10],"2":[0,12],"3":[0,12],"4":[0,0,0,0,0],"5":[0,0],"6":[0,0],"7":[11,0],"8":[11,11],"9":[11,0],"10":[11,0],"11":[11,2],"12":[0,0],"13":[0,0],"14":[0,0],"15":[1,0],"16":[1,0],"17":[1,0],"18":[1,0],"19":[1,0],"20":[1,0],"21":[1,0],"22":[0,0],"23":[0,0],"24":[0,0],"25":[0,0],"26":[1,1],"27":[0,0],"28":[0,1],"29":[1,0],"30":[12,12,0,0],"31":[0,24],"32":[24,0],"33":[0,0],"34":[0,0],"35":[13,0],"36":[0,0],"37":[13,0],"38":[13,1],"39":[1,2],"40":[1,6],"41":[0,1],"42":[1,0],"43":[0,0],"44":[0,0],"45":[0,13],"46":[9,14],"47":[23,10],"48":[14,12],"49":[12,0],"50":[2,12],"51":[0,2],"52":[2,2,2],"53":[2,2,2,0],"54":[24,0],"55":[24,24],"56":[24,0],"57":[2,0],"58":[14,0],"59":[0,0],"60":[0,0],"61":[0,0]},"_coverageSchema":"1a1c01bbd47fc00a2c39e90264f33305004495a9","hash":"1485140ba9720e3246e05b0ddebb677256356fa2"}
,"/Users/aliyakhan/Desktop/Aliya/Coding/Projects/activity-tracker/frontend/src/components/Layout/Navbar.jsx": {"path":"/Users/aliyakhan/Desktop/Aliya/Coding/Projects/activity-tracker/frontend/src/components/Layout/Navbar.jsx","statementMap":{"0":{"start":{"line":5,"column":15},"end":{"line":29,"column":1}},"1":{"start":{"line":6,"column":29},"end":{"line":6,"column":38}},"2":{"start":{"line":8,"column":4},"end":{"line":28,"column":6}}},"fnMap":{"0":{"name":"(anonymous_0)","decl":{"start":{"line":5,"column":15},"end":{"line":5,"column":16}},"loc":{"start":{"line":5,"column":21},"end":{"line":29,"column":1}},"line":5}},"branchMap":{"0":{"loc":{"start":{"line":16,"column":25},"end":{"line":16,"column":50}},"type":"binary-expr","locations":[{"start":{"line":16,"column":25},"end":{"line":16,"column":35}},{"start":{"line":16,"column":39},"end":{"line":16,"column":50}}],"line":16}},"s":{"0":1,"1":4,"2":4},"f":{"0":4},"b":{"0":[4,0]},"_coverageSchema":"1a1c01bbd47fc00a2c39e90264f33305004495a9","hash":"1484784061ea033c51bd1090e576f1d545964b22"}
,"/Users/aliyakhan/Desktop/Aliya/Coding/Projects/activity-tracker/frontend/src/services/activityService.js": {"path":"/Users/aliyakhan/Desktop/Aliya/Coding/Projects/activity-tracker/frontend/src/services/activityService.js","statementMap":{"0":{"start":{"line":3,"column":31},"end":{"line":6,"column":1}},"1":{"start":{"line":4,"column":19},"end":{"line":4,"column":68}},"2":{"start":{"line":5,"column":2},"end":{"line":5,"column":18}},"3":{"start":{"line":8,"column":33},"end":{"line":11,"column":1}},"4":{"start":{"line":9,"column":19},"end":{"line":9,"column":53}},"5":{"start":{"line":10,"column":2},"end":{"line":10,"column":18}},"6":{"start":{"line":13,"column":30},"end":{"line":16,"column":1}},"7":{"start":{"line":14,"column":19},"end":{"line":14,"column":62}},"8":{"start":{"line":15,"column":2},"end":{"line":15,"column":18}},"9":{"start":{"line":18,"column":30},"end":{"line":21,"column":1}},"10":{"start":{"line":19,"column":19},"end":{"line":19,"column":67}},"11":{"start":{"line":20,"column":2},"end":{"line":20,"column":18}},"12":{"start":{"line":23,"column":30},"end":{"line":26,"column":1}},"13":{"start":{"line":24,"column":19},"end":{"line":24,"column":56}},"14":{"start":{"line":25,"column":2},"end":{"line":25,"column":18}},"15":{"start":{"line":29,"column":34},"end":{"line":32,"column":1}},"16":{"start":{"line":30,"column":19},"end":{"line":30,"column":55}},"17":{"start":{"line":31,"column":2},"end":{"line":31,"column":18}}},"fnMap":{"0":{"name":"(anonymous_0)","decl":{"start":{"line":3,"column":31},"end":{"line":3,"column":32}},"loc":{"start":{"line":3,"column":55},"end":{"line":6,"column":1}},"line":3},"1":{"name":"(anonymous_1)","decl":{"start":{"line":8,"column":33},"end":{"line":8,"column":34}},"loc":{"start":{"line":8,"column":47},"end":{"line":11,"column":1}},"line":8},"2":{"name":"(anonymous_2)","decl":{"start":{"line":13,"column":30},"end":{"line":13,"column":31}},"loc":{"start":{"line":13,"column":54},"end":{"line":16,"column":1}},"line":13},"3":{"name":"(anonymous_3)","decl":{"start":{"line":18,"column":30},"end":{"line":18,"column":31}},"loc":{"start":{"line":18,"column":58},"end":{"line":21,"column":1}},"line":18},"4":{"name":"(anonymous_4)","decl":{"start":{"line":23,"column":30},"end":{"line":23,"column":31}},"loc":{"start":{"line":23,"column":44},"end":{"line":26,"column":1}},"line":23},"5":{"name":"(anonymous_5)","decl":{"start":{"line":29,"column":34},"end":{"line":29,"column":35}},"loc":{"start":{"line":29,"column":46},"end":{"line":32,"column":1}},"line":29}},"branchMap":{"0":{"loc":{"start":{"line":3,"column":38},"end":{"line":3,"column":50}},"type":"default-arg","locations":[{"start":{"line":3,"column":48},"end":{"line":3,"column":50}}],"line":3}},"s":{"0":1,"1":3,"2":3,"3":1,"4":0,"5":0,"6":1,"7":2,"8":2,"9":1,"10":2,"11":2,"12":1,"13":2,"14":2,"15":1,"16":1,"17":1},"f":{"0":3,"1":0,"2":2,"3":2,"4":2,"5":1},"b":{"0":[2]},"_coverageSchema":"1a1c01bbd47fc00a2c39e90264f33305004495a9","hash":"5b80d52a9c441079d35e3aa32ce5133365af5b04"}
,"/Users/aliyakhan/Desktop/Aliya/Coding/Projects/activity-tracker/frontend/src/services/api.js": {"path":"/Users/aliyakhan/Desktop/Aliya/Coding/Projects/activity-tracker/frontend/src/services/api.js","statementMap":{"0":{"start":{"line":3,"column":21},"end":{"line":3,"column":48}},"1":{"start":{"line":5,"column":12},"end":{"line":11,"column":2}},"2":{"start":{"line":14,"column":0},"end":{"line":25,"column":2}},"3":{"start":{"line":16,"column":22},"end":{"line":16,"column":51}},"4":{"start":{"line":17,"column":8},"end":{"line":19,"column":9}},"5":{"start":{"line":18,"column":12},"end":{"line":18,"column":61}},"6":{"start":{"line":20,"column":8},"end":{"line":20,"column":22}},"7":{"start":{"line":23,"column":8},"end":{"line":23,"column":37}},"8":{"start":{"line":28,"column":0},"end":{"line":46,"column":2}},"9":{"start":{"line":29,"column":18},"end":{"line":29,"column":26}},"10":{"start":{"line":31,"column":8},"end":{"line":43,"column":9}},"11":{"start":{"line":32,"column":12},"end":{"line":32,"column":45}},"12":{"start":{"line":33,"column":12},"end":{"line":33,"column":44}},"13":{"start":{"line":35,"column":24},"end":{"line":38,"column":65}},"14":{"start":{"line":40,"column":6},"end":{"line":42,"column":7}},"15":{"start":{"line":41,"column":8},"end":{"line":41,"column":40}},"16":{"start":{"line":44,"column":8},"end":{"line":44,"column":37}},"17":{"start":{"line":48,"column":27},"end":{"line":84,"column":1}},"18":{"start":{"line":50,"column":8},"end":{"line":55,"column":9}},"19":{"start":{"line":51,"column":29},"end":{"line":51,"column":66}},"20":{"start":{"line":52,"column":12},"end":{"line":52,"column":28}},"21":{"start":{"line":54,"column":12},"end":{"line":54,"column":24}},"22":{"start":{"line":59,"column":8},"end":{"line":64,"column":9}},"23":{"start":{"line":60,"column":29},"end":{"line":60,"column":66}},"24":{"start":{"line":61,"column":12},"end":{"line":61,"column":28}},"25":{"start":{"line":63,"column":12},"end":{"line":63,"column":24}},"26":{"start":{"line":68,"column":8},"end":{"line":73,"column":9}},"27":{"start":{"line":69,"column":29},"end":{"line":69,"column":54}},"28":{"start":{"line":70,"column":12},"end":{"line":70,"column":28}},"29":{"start":{"line":72,"column":12},"end":{"line":72,"column":24}},"30":{"start":{"line":77,"column":8},"end":{"line":82,"column":9}},"31":{"start":{"line":78,"column":29},"end":{"line":78,"column":51}},"32":{"start":{"line":79,"column":12},"end":{"line":79,"column":28}},"33":{"start":{"line":81,"column":12},"end":{"line":81,"column":24}},"34":{"start":{"line":86,"column":31},"end":{"line":140,"column":1}},"35":{"start":{"line":88,"column":4},"end":{"line":93,"column":5}},"36":{"start":{"line":89,"column":25},"end":{"line":89,"column":65}},"37":{"start":{"line":90,"column":8},"end":{"line":90,"column":24}},"38":{"start":{"line":92,"column":8},"end":{"line":92,"column":20}},"39":{"start":{"line":97,"column":8},"end":{"line":102,"column":9}},"40":{"start":{"line":98,"column":29},"end":{"line":98,"column":68}},"41":{"start":{"line":99,"column":12},"end":{"line":99,"column":28}},"42":{"start":{"line":101,"column":12},"end":{"line":101,"column":24}},"43":{"start":{"line":106,"column":8},"end":{"line":111,"column":9}},"44":{"start":{"line":107,"column":29},"end":{"line":107,"column":73}},"45":{"start":{"line":108,"column":12},"end":{"line":108,"column":28}},"46":{"start":{"line":110,"column":12},"end":{"line":110,"column":24}},"47":{"start":{"line":115,"column":8},"end":{"line":120,"column":9}},"48":{"start":{"line":116,"column":29},"end":{"line":116,"column":66}},"49":{"start":{"line":117,"column":12},"end":{"line":117,"column":28}},"50":{"start":{"line":119,"column":12},"end":{"line":119,"column":24}},"51":{"start":{"line":133,"column":8},"end":{"line":138,"column":9}},"52":{"start":{"line":134,"column":29},"end":{"line":134,"column":57}},"53":{"start":{"line":135,"column":12},"end":{"line":135,"column":28}},"54":{"start":{"line":137,"column":12},"end":{"line":137,"column":24}}},"fnMap":{"0":{"name":"(anonymous_0)","decl":{"start":{"line":15,"column":4},"end":{"line":15,"column":5}},"loc":{"start":{"line":15,"column":16},"end":{"line":21,"column":5}},"line":15},"1":{"name":"(anonymous_1)","decl":{"start":{"line":22,"column":4},"end":{"line":22,"column":5}},"loc":{"start":{"line":22,"column":15},"end":{"line":24,"column":5}},"line":22},"2":{"name":"(anonymous_2)","decl":{"start":{"line":29,"column":4},"end":{"line":29,"column":5}},"loc":{"start":{"line":29,"column":18},"end":{"line":29,"column":26}},"line":29},"3":{"name":"(anonymous_3)","decl":{"start":{"line":30,"column":4},"end":{"line":30,"column":5}},"loc":{"start":{"line":30,"column":15},"end":{"line":45,"column":5}},"line":30},"4":{"name":"(anonymous_4)","decl":{"start":{"line":49,"column":14},"end":{"line":49,"column":15}},"loc":{"start":{"line":49,"column":34},"end":{"line":56,"column":5}},"line":49},"5":{"name":"(anonymous_5)","decl":{"start":{"line":58,"column":11},"end":{"line":58,"column":12}},"loc":{"start":{"line":58,"column":34},"end":{"line":65,"column":5}},"line":58},"6":{"name":"(anonymous_6)","decl":{"start":{"line":67,"column":12},"end":{"line":67,"column":13}},"loc":{"start":{"line":67,"column":24},"end":{"line":74,"column":5}},"line":67},"7":{"name":"(anonymous_7)","decl":{"start":{"line":76,"column":13},"end":{"line":76,"column":14}},"loc":{"start":{"line":76,"column":25},"end":{"line":83,"column":5}},"line":76},"8":{"name":"(anonymous_8)","decl":{"start":{"line":87,"column":12},"end":{"line":87,"column":13}},"loc":{"start":{"line":87,"column":35},"end":{"line":94,"column":1}},"line":87},"9":{"name":"(anonymous_9)","decl":{"start":{"line":96,"column":12},"end":{"line":96,"column":13}},"loc":{"start":{"line":96,"column":32},"end":{"line":103,"column":5}},"line":96},"10":{"name":"(anonymous_10)","decl":{"start":{"line":105,"column":12},"end":{"line":105,"column":13}},"loc":{"start":{"line":105,"column":36},"end":{"line":112,"column":5}},"line":105},"11":{"name":"(anonymous_11)","decl":{"start":{"line":114,"column":12},"end":{"line":114,"column":13}},"loc":{"start":{"line":114,"column":26},"end":{"line":121,"column":5}},"line":114},"12":{"name":"(anonymous_12)","decl":{"start":{"line":132,"column":19},"end":{"line":132,"column":20}},"loc":{"start":{"line":132,"column":31},"end":{"line":139,"column":5}},"line":132}},"branchMap":{"0":{"loc":{"start":{"line":17,"column":8},"end":{"line":19,"column":9}},"type":"if","locations":[{"start":{"line":17,"column":8},"end":{"line":19,"column":9}},{"start":{},"end":{}}],"line":17},"1":{"loc":{"start":{"line":31,"column":8},"end":{"line":43,"column":9}},"type":"if","locations":[{"start":{"line":31,"column":8},"end":{"line":43,"column":9}},{"start":{},"end":{}}],"line":31},"2":{"loc":{"start":{"line":35,"column":24},"end":{"line":38,"column":65}},"type":"binary-expr","locations":[{"start":{"line":35,"column":24},"end":{"line":35,"column":54}},{"start":{"line":36,"column":23},"end":{"line":36,"column":34}},{"start":{"line":37,"column":24},"end":{"line":37,"column":55}},{"start":{"line":38,"column":24},"end":{"line":38,"column":64}}],"line":35},"3":{"loc":{"start":{"line":40,"column":6},"end":{"line":42,"column":7}},"type":"if","locations":[{"start":{"line":40,"column":6},"end":{"line":42,"column":7}},{"start":{},"end":{}}],"line":40},"4":{"loc":{"start":{"line":40,"column":10},"end":{"line":40,"column":72}},"type":"binary-expr","locations":[{"start":{"line":40,"column":10},"end":{"line":40,"column":20}},{"start":{"line":40,"column":24},"end":{"line":40,"column":53}},{"start":{"line":40,"column":57},"end":{"line":40,"column":72}}],"line":40},"5":{"loc":{"start":{"line":87,"column":19},"end":{"line":87,"column":30}},"type":"default-arg","locations":[{"start":{"line":87,"column":28},"end":{"line":87,"column":30}}],"line":87}},"s":{"0":2,"1":2,"2":2,"3":16,"4":16,"5":12,"6":16,"7":0,"8":2,"9":14,"10":2,"11":1,"12":1,"13":1,"14":1,"15":0,"16":2,"17":2,"18":0,"19":0,"20":0,"21":0,"22":0,"23":0,"24":0,"25":0,"26":0,"27":0,"28":0,"29":0,"30":0,"31":0,"32":0,"33":0,"34":2,"35":0,"36":0,"37":0,"38":0,"39":0,"40":0,"41":0,"42":0,"43":0,"44":0,"45":0,"46":0,"47":0,"48":0,"49":0,"50":0,"51":0,"52":0,"53":0,"54":0},"f":{"0":16,"1":0,"2":14,"3":2,"4":0,"5":0,"6":0,"7":0,"8":0,"9":0,"10":0,"11":0,"12":0},"b":{"0":[12,4],"1":[1,1],"2":[1,1,1,0],"3":[0,1],"4":[1,0,0],"5":[0]},"_coverageSchema":"1a1c01bbd47fc00a2c39e90264f33305004495a9","hash":"7ab9f4092db3b66b69fd058698887fca8c69ea58"}
,"/Users/aliyakhan/Desktop/Aliya/Coding/Projects/activity-tracker/frontend/src/services/authService.js": {"path":"/Users/aliyakhan/Desktop/Aliya/Coding/Projects/activity-tracker/frontend/src/services/authService.js","statementMap":{"0":{"start":{"line":3,"column":28},"end":{"line":6,"column":1}},"1":{"start":{"line":4,"column":19},"end":{"line":4,"column":61}},"2":{"start":{"line":5,"column":2},"end":{"line":5,"column":18}},"3":{"start":{"line":8,"column":25},"end":{"line":14,"column":1}},"4":{"start":{"line":9,"column":19},"end":{"line":9,"column":61}},"5":{"start":{"line":10,"column":2},"end":{"line":12,"column":3}},"6":{"start":{"line":11,"column":4},"end":{"line":11,"column":55}},"7":{"start":{"line":13,"column":2},"end":{"line":13,"column":18}},"8":{"start":{"line":16,"column":26},"end":{"line":20,"column":1}},"9":{"start":{"line":17,"column":19},"end":{"line":17,"column":49}},"10":{"start":{"line":18,"column":2},"end":{"line":18,"column":35}},"11":{"start":{"line":19,"column":2},"end":{"line":19,"column":18}},"12":{"start":{"line":22,"column":30},"end":{"line":25,"column":1}},"13":{"start":{"line":23,"column":19},"end":{"line":23,"column":44}},"14":{"start":{"line":24,"column":2},"end":{"line":24,"column":18}}},"fnMap":{"0":{"name":"(anonymous_0)","decl":{"start":{"line":3,"column":28},"end":{"line":3,"column":29}},"loc":{"start":{"line":3,"column":48},"end":{"line":6,"column":1}},"line":3},"1":{"name":"(anonymous_1)","decl":{"start":{"line":8,"column":25},"end":{"line":8,"column":26}},"loc":{"start":{"line":8,"column":48},"end":{"line":14,"column":1}},"line":8},"2":{"name":"(anonymous_2)","decl":{"start":{"line":16,"column":26},"end":{"line":16,"column":27}},"loc":{"start":{"line":16,"column":38},"end":{"line":20,"column":1}},"line":16},"3":{"name":"(anonymous_3)","decl":{"start":{"line":22,"column":30},"end":{"line":22,"column":31}},"loc":{"start":{"line":22,"column":42},"end":{"line":25,"column":1}},"line":22}},"branchMap":{"0":{"loc":{"start":{"line":10,"column":2},"end":{"line":12,"column":3}},"type":"if","locations":[{"start":{"line":10,"column":2},"end":{"line":12,"column":3}},{"start":{},"end":{}}],"line":10}},"s":{"0":1,"1":1,"2":1,"3":1,"4":3,"5":1,"6":1,"7":1,"8":1,"9":1,"10":1,"11":1,"12":1,"13":1,"14":1},"f":{"0":1,"1":3,"2":1,"3":1},"b":{"0":[1,0]},"_coverageSchema":"1a1c01bbd47fc00a2c39e90264f33305004495a9","hash":"293bd297012cef97586e8e5b3bc71e49033188dd"}
}
