TN:
SF:src/App.jsx
FN:12,(anonymous_0)
FN:28,AppContent
FN:59,App
FNF:3
FNH:3
FNDA:1,(anonymous_0)
FNDA:1,AppContent
FNDA:1,App
DA:12,1
DA:13,1
DA:15,1
DA:16,0
DA:25,1
DA:29,1
DA:31,1
DA:60,1
LF:8
LH:7
BRDA:15,0,0,0
BRDA:15,0,1,1
BRDA:25,1,0,0
BRDA:25,1,1,1
BRDA:35,2,0,1
BRDA:35,2,1,0
BRDA:41,3,0,0
BRDA:41,3,1,1
BRF:8
BRH:4
end_of_record
TN:
SF:src/main.jsx
FNF:0
FNH:0
DA:7,0
LF:1
LH:0
BRF:0
BRH:0
end_of_record
TN:
SF:src/test-util.js
FN:4,(anonymous_0)
FNF:1
FNH:0
FNDA:0,(anonymous_0)
DA:4,0
DA:5,0
LF:2
LH:0
BRDA:4,0,0,0
BRF:1
BRH:0
end_of_record
TN:
SF:src/components/LazyImage.js
FN:5,(anonymous_0)
FN:17,(anonymous_1)
FNF:2
FNH:0
FNDA:0,(anonymous_0)
FNDA:0,(anonymous_1)
DA:5,0
DA:17,0
DA:18,0
DA:21,0
DA:34,0
DA:35,0
DA:36,0
DA:37,0
DA:42,0
DA:45,0
DA:46,0
DA:48,0
LF:12
LH:0
BRDA:7,0,0,0
BRDA:8,1,0,0
BRDA:9,2,0,0
BRDA:10,3,0,0
BRDA:12,4,0,0
BRDA:13,5,0,0
BRDA:18,6,0,0
BRDA:18,6,1,0
BRDA:36,7,0,0
BRDA:36,7,1,0
BRDA:46,8,0,0
BRDA:46,8,1,0
BRF:12
BRH:0
end_of_record
TN:
SF:src/components/PerformanceMonitor.js
FN:3,(anonymous_0)
FN:4,(anonymous_1)
FN:14,(anonymous_2)
FN:27,(anonymous_3)
FN:32,(anonymous_4)
FN:47,(anonymous_5)
FN:67,(anonymous_6)
FNF:7
FNH:0
FNDA:0,(anonymous_0)
FNDA:0,(anonymous_1)
FNDA:0,(anonymous_2)
FNDA:0,(anonymous_3)
FNDA:0,(anonymous_4)
FNDA:0,(anonymous_5)
FNDA:0,(anonymous_6)
DA:3,0
DA:4,0
DA:6,0
DA:7,0
DA:8,0
DA:11,0
DA:14,0
DA:16,0
DA:17,0
DA:18,0
DA:19,0
DA:20,0
DA:21,0
DA:27,0
DA:29,0
DA:31,0
DA:32,0
DA:33,0
DA:34,0
DA:35,0
DA:36,0
DA:39,0
DA:41,0
DA:45,0
DA:46,0
DA:47,0
DA:48,0
DA:49,0
DA:50,0
DA:51,0
DA:55,0
DA:57,0
DA:63,0
DA:64,0
DA:67,0
DA:68,0
DA:72,0
LF:37
LH:0
BRDA:6,0,0,0
BRDA:6,0,1,0
BRDA:16,1,0,0
BRDA:16,1,1,0
BRDA:16,2,0,0
BRDA:16,2,1,0
BRDA:18,3,0,0
BRDA:18,3,1,0
BRDA:29,4,0,0
BRDA:29,4,1,0
BRDA:35,5,0,0
BRDA:35,5,1,0
BRDA:49,6,0,0
BRDA:49,6,1,0
BRF:14
BRH:0
end_of_record
TN:
SF:src/components/ProtectedRoute.jsx
FN:4,(anonymous_0)
FNF:1
FNH:0
FNDA:0,(anonymous_0)
DA:4,0
DA:5,0
DA:7,0
DA:8,0
DA:17,0
LF:5
LH:0
BRDA:7,0,0,0
BRDA:7,0,1,0
BRDA:17,1,0,0
BRDA:17,1,1,0
BRF:4
BRH:0
end_of_record
TN:
SF:src/components/TestConnection.jsx
FN:4,(anonymous_0)
FN:9,(anonymous_1)
FN:55,(anonymous_2)
FNF:3
FNH:0
FNDA:0,(anonymous_0)
FNDA:0,(anonymous_1)
FNDA:0,(anonymous_2)
DA:4,0
DA:5,0
DA:6,0
DA:7,0
DA:9,0
DA:10,0
DA:11,0
DA:13,0
DA:15,0
DA:16,0
DA:18,0
DA:21,0
DA:23,0
DA:24,0
DA:26,0
DA:29,0
DA:30,0
DA:32,0
DA:35,0
DA:37,0
DA:40,0
DA:42,0
DA:45,0
DA:47,0
DA:51,0
DA:52,0
DA:55,0
DA:56,0
DA:59,0
LF:29
LH:0
BRDA:29,0,0,0
BRDA:29,0,1,0
BRDA:66,1,0,0
BRDA:66,1,1,0
BRDA:70,2,0,0
BRDA:70,2,1,0
BRDA:71,3,0,0
BRDA:71,3,1,0
BRDA:74,4,0,0
BRDA:74,4,1,0
BRDA:75,5,0,0
BRDA:75,5,1,0
BRDA:76,6,0,0
BRDA:76,6,1,0
BRDA:83,7,0,0
BRDA:83,7,1,0
BRDA:85,8,0,0
BRDA:85,8,1,0
BRDA:86,9,0,0
BRDA:86,9,1,0
BRDA:89,10,0,0
BRDA:89,10,1,0
BRDA:90,11,0,0
BRDA:90,11,1,0
BRF:24
BRH:0
end_of_record
TN:
SF:src/components/Auth/Login.jsx
FN:7,(anonymous_0)
FN:18,(anonymous_1)
FN:28,(anonymous_2)
FN:90,(anonymous_3)
FNF:4
FNH:3
FNDA:16,(anonymous_0)
FNDA:6,(anonymous_1)
FNDA:2,(anonymous_2)
FNDA:0,(anonymous_3)
DA:7,1
DA:8,16
DA:12,16
DA:13,16
DA:15,16
DA:16,16
DA:18,16
DA:19,6
DA:23,6
DA:24,0
DA:28,16
DA:29,2
DA:30,2
DA:31,2
DA:33,2
DA:34,2
DA:36,1
DA:37,0
DA:39,1
DA:40,0
DA:41,0
DA:42,0
DA:44,0
DA:48,2
DA:49,2
DA:50,0
DA:51,0
DA:52,2
DA:53,1
DA:55,1
DA:58,2
DA:62,16
DA:90,0
LF:33
LH:24
BRDA:23,0,0,0
BRDA:23,0,1,6
BRDA:36,1,0,0
BRDA:36,1,1,1
BRDA:39,2,0,0
BRDA:39,2,1,0
BRDA:39,3,0,1
BRDA:39,3,1,0
BRDA:41,4,0,0
BRDA:41,4,1,0
BRDA:44,5,0,0
BRDA:44,5,1,0
BRDA:49,6,0,0
BRDA:49,6,1,2
BRDA:52,7,0,1
BRDA:52,7,1,1
BRDA:89,8,0,16
BRDA:89,8,1,2
BRDA:139,9,0,2
BRDA:139,9,1,14
BRF:20
BRH:10
end_of_record
TN:
SF:src/components/Auth/Register.jsx
FN:7,(anonymous_0)
FN:21,(anonymous_1)
FN:30,(anonymous_2)
FN:51,(anonymous_3)
FN:93,(anonymous_4)
FNF:5
FNH:0
FNDA:0,(anonymous_0)
FNDA:0,(anonymous_1)
FNDA:0,(anonymous_2)
FNDA:0,(anonymous_3)
FNDA:0,(anonymous_4)
DA:7,0
DA:8,0
DA:14,0
DA:15,0
DA:16,0
DA:18,0
DA:19,0
DA:21,0
DA:22,0
DA:26,0
DA:27,0
DA:30,0
DA:31,0
DA:33,0
DA:34,0
DA:35,0
DA:38,0
DA:39,0
DA:40,0
DA:43,0
DA:44,0
DA:45,0
DA:47,0
DA:49,0
DA:50,0
DA:51,0
DA:52,0
DA:55,0
DA:58,0
DA:61,0
DA:68,0
DA:94,0
LF:32
LH:0
BRDA:33,0,0,0
BRDA:33,0,1,0
BRDA:38,1,0,0
BRDA:38,1,1,0
BRDA:49,2,0,0
BRDA:49,2,1,0
BRDA:124,3,0,0
BRDA:124,3,1,0
BRDA:130,4,0,0
BRDA:130,4,1,0
BRDA:222,5,0,0
BRDA:222,5,1,0
BRF:12
BRH:0
end_of_record
TN:
SF:src/components/Dashboard/ActivityFilter.jsx
FN:4,(anonymous_0)
FN:27,(anonymous_1)
FN:32,(anonymous_2)
FN:62,(anonymous_3)
FN:71,(anonymous_4)
FN:73,(anonymous_5)
FN:86,(anonymous_6)
FN:97,(anonymous_7)
FN:136,(anonymous_8)
FN:148,(anonymous_9)
FN:159,(anonymous_10)
FN:170,(anonymous_11)
FNF:12
FNH:9
FNDA:18,(anonymous_0)
FNDA:1,(anonymous_1)
FNDA:1,(anonymous_2)
FNDA:3,(anonymous_3)
FNDA:1,(anonymous_4)
FNDA:72,(anonymous_5)
FNDA:1,(anonymous_6)
FNDA:0,(anonymous_7)
FNDA:1,(anonymous_8)
FNDA:1,(anonymous_9)
FNDA:0,(anonymous_10)
FNDA:0,(anonymous_11)
DA:4,1
DA:6,18
DA:8,18
DA:20,18
DA:27,18
DA:28,1
DA:29,1
DA:32,18
DA:33,1
DA:46,1
DA:47,1
DA:50,18
DA:62,3
DA:71,1
DA:74,72
DA:86,1
DA:97,0
DA:136,1
DA:148,1
DA:159,0
DA:170,0
LF:21
LH:18
BRDA:6,0,0,18
BRDA:6,0,1,18
BRDA:9,1,0,18
BRDA:9,1,1,18
BRDA:10,2,0,18
BRDA:10,2,1,18
BRDA:11,3,0,18
BRDA:11,3,1,18
BRDA:12,4,0,18
BRDA:12,4,1,18
BRDA:13,5,0,18
BRDA:13,5,1,18
BRDA:14,6,0,18
BRDA:14,6,1,18
BRDA:15,7,0,18
BRDA:15,7,1,18
BRDA:16,8,0,18
BRDA:16,8,1,18
BRDA:17,9,0,18
BRDA:17,9,1,18
BRF:20
BRH:20
end_of_record
TN:
SF:src/components/Dashboard/ActivityForm.jsx
FN:5,(anonymous_0)
FN:35,(anonymous_1)
FN:62,(anonymous_2)
FN:79,(anonymous_3)
FN:86,(anonymous_4)
FN:94,(anonymous_5)
FN:106,(anonymous_6)
FN:107,(anonymous_7)
FN:133,(anonymous_8)
FN:138,(anonymous_9)
FN:153,(anonymous_10)
FN:158,(anonymous_11)
FNF:12
FNH:7
FNDA:31,(anonymous_0)
FNDA:6,(anonymous_1)
FNDA:0,(anonymous_2)
FNDA:10,(anonymous_3)
FNDA:1,(anonymous_4)
FNDA:0,(anonymous_5)
FNDA:0,(anonymous_6)
FNDA:0,(anonymous_7)
FNDA:93,(anonymous_8)
FNDA:1,(anonymous_9)
FNDA:216,(anonymous_10)
FNDA:0,(anonymous_11)
DA:5,1
DA:6,31
DA:16,31
DA:17,31
DA:18,31
DA:20,31
DA:35,31
DA:36,6
DA:37,6
DA:38,6
DA:39,6
DA:41,6
DA:43,6
DA:45,4
DA:48,4
DA:58,4
DA:59,4
DA:62,4
DA:64,2
DA:65,2
DA:67,1
DA:68,1
DA:69,1
DA:70,1
DA:72,0
DA:75,6
DA:79,31
DA:80,10
DA:86,31
DA:87,1
DA:94,31
DA:95,0
DA:101,31
DA:106,0
DA:107,0
DA:134,93
DA:138,1
DA:154,216
DA:158,0
LF:39
LH:34
BRDA:58,0,0,4
BRDA:58,0,1,0
BRDA:65,1,0,1
BRDA:65,1,1,1
BRDA:69,2,0,1
BRDA:69,2,1,0
BRDA:106,3,0,31
BRDA:106,3,1,3
BRDA:107,4,0,31
BRDA:107,4,1,5
BRDA:137,5,0,31
BRDA:137,5,1,62
BRDA:157,6,0,31
BRDA:157,6,1,185
BRDA:217,7,0,1
BRDA:217,7,1,30
BRDA:218,8,0,0
BRDA:218,8,1,30
BRDA:219,9,0,29
BRDA:219,9,1,1
BRDA:220,10,0,0
BRDA:220,10,1,1
BRDA:246,11,0,6
BRDA:246,11,1,25
BRF:24
BRH:20
end_of_record
TN:
SF:src/components/Dashboard/ActivityTable.jsx
FN:5,(anonymous_0)
FN:52,(anonymous_1)
FN:130,(anonymous_2)
FN:134,(anonymous_3)
FN:149,(anonymous_4)
FN:175,(anonymous_5)
FN:188,(anonymous_6)
FN:203,(anonymous_7)
FN:208,(anonymous_8)
FN:218,(anonymous_9)
FN:221,(anonymous_10)
FN:230,(anonymous_11)
FN:238,(anonymous_12)
FN:251,(anonymous_13)
FN:261,(anonymous_14)
FN:273,(anonymous_15)
FN:284,(anonymous_16)
FN:300,(anonymous_17)
FN:342,(anonymous_18)
FN:355,(anonymous_19)
FN:369,(anonymous_20)
FN:370,(anonymous_21)
FN:376,(anonymous_22)
FN:390,(anonymous_23)
FN:401,(anonymous_24)
FN:406,(anonymous_25)
FN:424,(anonymous_26)
FN:429,(anonymous_27)
FN:443,(anonymous_28)
FN:461,(anonymous_29)
FN:472,(anonymous_30)
FN:496,(anonymous_31)
FN:505,(anonymous_32)
FN:582,(anonymous_33)
FN:626,(anonymous_34)
FN:634,(anonymous_35)
FN:657,(anonymous_36)
FN:657,(anonymous_37)
FN:659,(anonymous_38)
FN:675,(anonymous_39)
FN:683,(anonymous_40)
FN:683,(anonymous_41)
FNF:42
FNH:15
FNDA:17,(anonymous_0)
FNDA:9,(anonymous_1)
FNDA:7,(anonymous_2)
FNDA:0,(anonymous_3)
FNDA:0,(anonymous_4)
FNDA:1,(anonymous_5)
FNDA:1,(anonymous_6)
FNDA:1,(anonymous_7)
FNDA:0,(anonymous_8)
FNDA:0,(anonymous_9)
FNDA:14,(anonymous_10)
FNDA:14,(anonymous_11)
FNDA:14,(anonymous_12)
FNDA:14,(anonymous_13)
FNDA:9,(anonymous_14)
FNDA:0,(anonymous_15)
FNDA:1,(anonymous_16)
FNDA:0,(anonymous_17)
FNDA:0,(anonymous_18)
FNDA:0,(anonymous_19)
FNDA:9,(anonymous_20)
FNDA:0,(anonymous_21)
FNDA:0,(anonymous_22)
FNDA:0,(anonymous_23)
FNDA:0,(anonymous_24)
FNDA:0,(anonymous_25)
FNDA:0,(anonymous_26)
FNDA:0,(anonymous_27)
FNDA:0,(anonymous_28)
FNDA:0,(anonymous_29)
FNDA:0,(anonymous_30)
FNDA:0,(anonymous_31)
FNDA:0,(anonymous_32)
FNDA:14,(anonymous_33)
FNDA:0,(anonymous_34)
FNDA:1,(anonymous_35)
FNDA:0,(anonymous_36)
FNDA:0,(anonymous_37)
FNDA:0,(anonymous_38)
FNDA:0,(anonymous_39)
FNDA:0,(anonymous_40)
FNDA:0,(anonymous_41)
DA:5,1
DA:6,17
DA:7,17
DA:8,17
DA:9,17
DA:10,17
DA:11,17
DA:14,17
DA:15,17
DA:16,17
DA:25,17
DA:26,17
DA:29,17
DA:37,17
DA:52,17
DA:53,9
DA:54,9
DA:57,9
DA:63,9
DA:64,9
DA:67,9
DA:68,0
DA:69,0
DA:71,0
DA:73,0
DA:74,0
DA:75,0
DA:76,0
DA:78,0
DA:79,0
DA:80,0
DA:81,0
DA:83,0
DA:84,0
DA:85,0
DA:86,0
DA:88,0
DA:89,0
DA:90,0
DA:93,0
DA:97,9
DA:98,9
DA:101,8
DA:103,0
DA:104,0
DA:105,0
DA:106,0
DA:107,8
DA:109,8
DA:110,8
DA:111,8
DA:112,8
DA:115,0
DA:116,0
DA:117,0
DA:118,0
DA:121,1
DA:122,1
DA:123,1
DA:124,1
DA:126,9
DA:130,17
DA:131,7
DA:134,17
DA:135,0
DA:136,0
DA:145,0
DA:146,0
DA:149,17
DA:150,0
DA:152,0
DA:153,0
DA:155,0
DA:156,0
DA:157,0
DA:158,0
DA:161,0
DA:163,0
DA:164,0
DA:165,0
DA:166,0
DA:168,0
DA:171,0
DA:175,17
DA:176,1
DA:177,1
DA:178,1
DA:179,1
DA:180,1
DA:182,0
DA:183,0
DA:188,17
DA:189,1
DA:195,1
DA:196,0
DA:197,0
DA:200,1
DA:203,17
DA:204,1
DA:205,1
DA:208,17
DA:209,0
DA:216,0
DA:218,0
DA:221,17
DA:222,14
DA:223,8
DA:224,6
DA:225,0
DA:226,0
DA:230,17
DA:231,14
DA:232,14
DA:233,8
DA:234,2
DA:235,2
DA:238,17
DA:239,14
DA:240,14
DA:241,14
DA:247,0
DA:251,17
DA:252,14
DA:253,14
DA:254,14
DA:256,0
DA:261,17
DA:262,9
DA:273,0
DA:284,1
DA:300,0
DA:342,0
DA:355,0
DA:369,17
DA:370,9
DA:376,0
DA:390,0
DA:402,0
DA:406,0
DA:425,0
DA:429,0
DA:443,0
DA:461,0
DA:472,0
DA:496,0
DA:505,0
DA:520,17
DA:521,6
DA:534,11
DA:583,14
DA:626,0
DA:634,1
DA:657,0
DA:661,0
DA:662,0
DA:663,0
DA:664,0
DA:665,0
DA:666,0
DA:668,0
DA:671,0
DA:675,0
DA:683,0
LF:163
LH:80
BRDA:52,0,0,0
BRDA:63,1,0,0
BRDA:63,1,1,9
BRDA:64,2,0,2
BRDA:64,2,1,7
BRDA:67,3,0,0
BRDA:67,3,1,9
BRDA:71,4,0,0
BRDA:71,4,1,0
BRDA:71,4,2,0
BRDA:71,4,3,0
BRDA:71,4,4,0
BRDA:88,5,0,0
BRDA:88,5,1,0
BRDA:89,6,0,0
BRDA:89,6,1,0
BRDA:101,7,0,0
BRDA:101,7,1,8
BRDA:101,8,0,8
BRDA:101,8,1,8
BRDA:104,9,0,0
BRDA:104,9,1,0
BRDA:105,10,0,0
BRDA:105,10,1,0
BRDA:106,11,0,0
BRDA:106,11,1,0
BRDA:107,12,0,8
BRDA:107,12,1,0
BRDA:112,13,0,8
BRDA:112,13,1,2
BRDA:122,14,0,1
BRDA:122,14,1,0
BRDA:137,15,0,0
BRDA:137,15,1,0
BRDA:138,16,0,0
BRDA:138,16,1,0
BRDA:139,17,0,0
BRDA:139,17,1,0
BRDA:140,18,0,0
BRDA:140,18,1,0
BRDA:141,19,0,0
BRDA:141,19,1,0
BRDA:142,20,0,0
BRDA:142,20,1,0
BRDA:143,21,0,0
BRDA:143,21,1,0
BRDA:150,22,0,0
BRDA:150,22,1,0
BRDA:156,23,0,0
BRDA:156,23,1,0
BRDA:164,24,0,0
BRDA:164,24,1,0
BRDA:168,25,0,0
BRDA:168,25,1,0
BRDA:176,26,0,1
BRDA:176,26,1,0
BRDA:183,27,0,0
BRDA:183,27,1,0
BRDA:195,28,0,0
BRDA:195,28,1,1
BRDA:195,29,0,1
BRDA:195,29,1,0
BRDA:222,30,0,8
BRDA:222,30,1,6
BRDA:222,30,2,0
BRDA:222,30,3,0
BRDA:231,31,0,0
BRDA:231,31,1,14
BRDA:232,32,0,6
BRDA:232,32,1,8
BRDA:233,33,0,6
BRDA:233,33,1,2
BRDA:234,34,0,0
BRDA:234,34,1,2
BRDA:334,35,0,9
BRDA:334,35,1,0
BRDA:344,36,0,0
BRDA:344,36,1,0
BRDA:375,37,0,9
BRDA:375,37,1,0
BRDA:381,38,0,9
BRDA:381,38,1,0
BRDA:405,39,0,0
BRDA:405,39,1,0
BRDA:428,40,0,0
BRDA:428,40,1,0
BRDA:481,41,0,0
BRDA:481,41,1,0
BRDA:482,42,0,0
BRDA:482,42,1,0
BRDA:483,43,0,0
BRDA:483,43,1,0
BRDA:484,44,0,0
BRDA:484,44,1,0
BRDA:509,45,0,0
BRDA:509,45,1,9
BRDA:520,46,0,6
BRDA:520,46,1,11
BRDA:520,47,0,17
BRDA:520,47,1,7
BRDA:542,48,0,11
BRDA:542,48,1,8
BRDA:544,49,0,6
BRDA:544,49,1,2
BRDA:562,50,0,3
BRDA:562,50,1,8
BRDA:566,51,0,0
BRDA:566,51,1,3
BRDA:566,52,0,3
BRDA:566,52,1,3
BRDA:566,52,2,3
BRDA:570,53,0,3
BRDA:570,53,1,3
BRDA:570,53,2,3
BRDA:570,53,3,0
BRDA:583,54,0,14
BRDA:583,54,1,0
BRDA:587,55,0,14
BRDA:587,55,1,2
BRDA:607,56,0,14
BRDA:607,56,1,0
BRDA:634,57,0,1
BRDA:634,57,1,0
BRDA:648,58,0,11
BRDA:648,58,1,0
BRDA:661,59,0,0
BRDA:661,59,1,0
BRDA:663,60,0,0
BRDA:663,60,1,0
BRDA:665,61,0,0
BRDA:665,61,1,0
BRF:131
BRH:49
end_of_record
TN:
SF:src/components/Layout/Navbar.jsx
FN:5,(anonymous_0)
FNF:1
FNH:1
FNDA:4,(anonymous_0)
DA:5,1
DA:6,4
DA:8,4
LF:3
LH:3
BRDA:16,0,0,4
BRDA:16,0,1,0
BRF:2
BRH:1
end_of_record
TN:
SF:src/components/common/CategoryBadge.jsx
FN:3,(anonymous_0)
FN:4,(anonymous_1)
FNF:2
FNH:0
FNDA:0,(anonymous_0)
FNDA:0,(anonymous_1)
DA:3,0
DA:4,0
DA:5,0
DA:8,0
DA:10,0
DA:12,0
DA:14,0
DA:18,0
LF:8
LH:0
BRDA:5,0,0,0
BRDA:5,0,1,0
BRDA:5,0,2,0
BRDA:5,0,3,0
BRDA:5,0,4,0
BRDA:20,1,0,0
BRDA:20,1,1,0
BRF:7
BRH:0
end_of_record
TN:
SF:src/contexts/AuthContext.jsx
FN:6,(anonymous_0)
FN:8,(anonymous_1)
FN:13,(anonymous_2)
FN:30,(anonymous_3)
FN:51,(anonymous_4)
FN:64,(anonymous_5)
FNF:6
FNH:0
FNDA:0,(anonymous_0)
FNDA:0,(anonymous_1)
FNDA:0,(anonymous_2)
FNDA:0,(anonymous_3)
FNDA:0,(anonymous_4)
FNDA:0,(anonymous_5)
DA:4,0
DA:6,0
DA:8,0
DA:9,0
DA:10,0
DA:11,0
DA:13,0
DA:14,0
DA:15,0
DA:17,0
DA:18,0
DA:19,0
DA:20,0
DA:22,0
DA:23,0
DA:24,0
DA:27,0
DA:30,0
DA:31,0
DA:32,0
DA:34,0
DA:35,0
DA:36,0
DA:37,0
DA:38,0
DA:39,0
DA:41,0
DA:43,0
DA:44,0
DA:51,0
DA:52,0
DA:53,0
DA:55,0
DA:57,0
DA:58,0
DA:59,0
DA:60,0
DA:64,0
DA:65,0
DA:66,0
DA:68,0
DA:69,0
DA:70,0
DA:71,0
DA:72,0
DA:73,0
DA:75,0
DA:77,0
DA:78,0
DA:85,0
LF:50
LH:0
BRDA:17,0,0,0
BRDA:17,0,1,0
BRDA:17,1,0,0
BRDA:17,1,1,0
BRDA:34,2,0,0
BRDA:34,2,1,0
BRDA:34,3,0,0
BRDA:34,3,1,0
BRDA:46,4,0,0
BRDA:46,4,1,0
BRDA:68,5,0,0
BRDA:68,5,1,0
BRDA:68,6,0,0
BRDA:68,6,1,0
BRDA:80,7,0,0
BRDA:80,7,1,0
BRF:16
BRH:0
end_of_record
TN:
SF:src/pages/DashboardPage.jsx
FN:7,(anonymous_0)
FN:12,(anonymous_1)
FN:13,(anonymous_2)
FN:137,(anonymous_3)
FN:146,(anonymous_4)
FNF:5
FNH:5
FNDA:26,(anonymous_0)
FNDA:5,(anonymous_1)
FNDA:5,(anonymous_2)
FNDA:7,(anonymous_3)
FNDA:1,(anonymous_4)
DA:7,1
DA:8,26
DA:9,26
DA:10,26
DA:12,26
DA:13,5
DA:14,5
DA:17,26
DA:137,7
DA:146,1
LF:10
LH:10
BRDA:24,0,0,26
BRDA:24,0,1,2
BRDA:24,0,2,1
BRDA:133,1,0,26
BRDA:133,1,1,19
BRDA:142,2,0,26
BRDA:142,2,1,7
BRDA:153,3,0,26
BRDA:153,3,1,7
BRF:9
BRH:9
end_of_record
TN:
SF:src/pages/HomePage.jsx
FN:5,(anonymous_0)
FN:90,(anonymous_1)
FNF:2
FNH:0
FNDA:0,(anonymous_0)
FNDA:0,(anonymous_1)
DA:5,0
DA:6,0
DA:29,0
DA:91,0
LF:4
LH:0
BRF:0
BRH:0
end_of_record
TN:
SF:src/services/activityService.js
FN:3,(anonymous_0)
FN:8,(anonymous_1)
FN:13,(anonymous_2)
FN:18,(anonymous_3)
FN:23,(anonymous_4)
FN:29,(anonymous_5)
FNF:6
FNH:5
FNDA:3,(anonymous_0)
FNDA:0,(anonymous_1)
FNDA:2,(anonymous_2)
FNDA:2,(anonymous_3)
FNDA:2,(anonymous_4)
FNDA:1,(anonymous_5)
DA:3,1
DA:4,3
DA:5,3
DA:8,1
DA:9,0
DA:10,0
DA:13,1
DA:14,2
DA:15,2
DA:18,1
DA:19,2
DA:20,2
DA:23,1
DA:24,2
DA:25,2
DA:29,1
DA:30,1
DA:31,1
LF:18
LH:16
BRDA:3,0,0,2
BRF:1
BRH:1
end_of_record
TN:
SF:src/services/api.js
FN:15,(anonymous_0)
FN:22,(anonymous_1)
FN:29,(anonymous_2)
FN:30,(anonymous_3)
FN:41,(anonymous_4)
FN:50,(anonymous_5)
FN:59,(anonymous_6)
FN:68,(anonymous_7)
FN:79,(anonymous_8)
FN:88,(anonymous_9)
FN:97,(anonymous_10)
FN:106,(anonymous_11)
FN:124,(anonymous_12)
FNF:13
FNH:3
FNDA:16,(anonymous_0)
FNDA:0,(anonymous_1)
FNDA:14,(anonymous_2)
FNDA:2,(anonymous_3)
FNDA:0,(anonymous_4)
FNDA:0,(anonymous_5)
FNDA:0,(anonymous_6)
FNDA:0,(anonymous_7)
FNDA:0,(anonymous_8)
FNDA:0,(anonymous_9)
FNDA:0,(anonymous_10)
FNDA:0,(anonymous_11)
FNDA:0,(anonymous_12)
DA:3,2
DA:5,2
DA:14,2
DA:16,16
DA:17,16
DA:18,12
DA:20,16
DA:23,0
DA:28,2
DA:29,14
DA:31,2
DA:32,1
DA:33,1
DA:34,1
DA:36,2
DA:40,2
DA:42,0
DA:43,0
DA:44,0
DA:46,0
DA:51,0
DA:52,0
DA:53,0
DA:55,0
DA:60,0
DA:61,0
DA:62,0
DA:64,0
DA:69,0
DA:70,0
DA:71,0
DA:73,0
DA:78,2
DA:80,0
DA:81,0
DA:82,0
DA:84,0
DA:89,0
DA:90,0
DA:91,0
DA:93,0
DA:98,0
DA:99,0
DA:100,0
DA:102,0
DA:107,0
DA:108,0
DA:109,0
DA:111,0
DA:125,0
DA:126,0
DA:127,0
DA:129,0
LF:53
LH:16
BRDA:17,0,0,12
BRDA:17,0,1,4
BRDA:31,1,0,1
BRDA:31,1,1,1
BRDA:79,2,0,0
BRF:5
BRH:4
end_of_record
TN:
SF:src/services/authService.js
FN:3,(anonymous_0)
FN:8,(anonymous_1)
FN:16,(anonymous_2)
FN:22,(anonymous_3)
FNF:4
FNH:4
FNDA:1,(anonymous_0)
FNDA:3,(anonymous_1)
FNDA:1,(anonymous_2)
FNDA:1,(anonymous_3)
DA:3,1
DA:4,1
DA:5,1
DA:8,1
DA:9,3
DA:10,1
DA:11,1
DA:13,1
DA:16,1
DA:17,1
DA:18,1
DA:19,1
DA:22,1
DA:23,1
DA:24,1
LF:15
LH:15
BRDA:10,0,0,1
BRDA:10,0,1,0
BRF:2
BRH:1
end_of_record
TN:
SF:src/utils/performance.js
FN:5,(anonymous_0)
FN:13,(anonymous_1)
FN:29,(anonymous_2)
FN:30,(anonymous_3)
FNF:4
FNH:0
FNDA:0,(anonymous_0)
FNDA:0,(anonymous_1)
FNDA:0,(anonymous_2)
FNDA:0,(anonymous_3)
DA:2,0
DA:6,0
DA:14,0
DA:15,0
DA:16,0
DA:20,0
DA:21,0
DA:24,0
DA:26,0
DA:30,0
DA:31,0
DA:32,0
DA:33,0
DA:40,0
DA:47,0
DA:48,0
LF:16
LH:0
BRDA:14,0,0,0
BRDA:14,0,1,0
BRDA:20,1,0,0
BRDA:20,1,1,0
BRDA:32,2,0,0
BRDA:32,2,1,0
BRDA:47,3,0,0
BRDA:47,3,1,0
BRF:8
BRH:0
end_of_record
