TN:
SF:src/App.jsx
FN:12,(anonymous_0)
FN:28,AppContent
FN:59,App
FNF:3
FNH:3
FNDA:1,(anonymous_0)
FNDA:1,AppContent
FNDA:1,App
DA:12,1
DA:13,1
DA:15,1
DA:16,0
DA:25,1
DA:29,1
DA:31,1
DA:60,1
LF:8
LH:7
BRDA:15,0,0,0
BRDA:15,0,1,1
BRDA:25,1,0,0
BRDA:25,1,1,1
BRDA:35,2,0,1
BRDA:35,2,1,0
BRDA:41,3,0,0
BRDA:41,3,1,1
BRF:8
BRH:4
end_of_record
TN:
SF:src/components/Auth/Login.jsx
FN:7,(anonymous_0)
FN:18,(anonymous_1)
FN:28,(anonymous_2)
FN:90,(anonymous_3)
FNF:4
FNH:3
FNDA:16,(anonymous_0)
FNDA:6,(anonymous_1)
FNDA:2,(anonymous_2)
FNDA:0,(anonymous_3)
DA:7,1
DA:8,16
DA:12,16
DA:13,16
DA:15,16
DA:16,16
DA:18,16
DA:19,6
DA:23,6
DA:24,0
DA:28,16
DA:29,2
DA:30,2
DA:31,2
DA:33,2
DA:34,2
DA:36,1
DA:37,0
DA:39,1
DA:40,0
DA:41,0
DA:42,0
DA:44,0
DA:48,2
DA:49,2
DA:50,0
DA:51,0
DA:52,2
DA:53,1
DA:55,1
DA:58,2
DA:62,16
DA:90,0
LF:33
LH:24
BRDA:23,0,0,0
BRDA:23,0,1,6
BRDA:36,1,0,0
BRDA:36,1,1,1
BRDA:39,2,0,0
BRDA:39,2,1,0
BRDA:39,3,0,1
BRDA:39,3,1,0
BRDA:41,4,0,0
BRDA:41,4,1,0
BRDA:44,5,0,0
BRDA:44,5,1,0
BRDA:49,6,0,0
BRDA:49,6,1,2
BRDA:52,7,0,1
BRDA:52,7,1,1
BRDA:89,8,0,16
BRDA:89,8,1,2
BRDA:139,9,0,2
BRDA:139,9,1,14
BRF:20
BRH:10
end_of_record
TN:
SF:src/components/Dashboard/ActivityFilter.jsx
FN:4,(anonymous_0)
FN:26,(anonymous_1)
FN:31,(anonymous_2)
FN:61,(anonymous_3)
FN:70,(anonymous_4)
FN:72,(anonymous_5)
FN:85,(anonymous_6)
FN:96,(anonymous_7)
FN:135,(anonymous_8)
FN:147,(anonymous_9)
FN:158,(anonymous_10)
FN:169,(anonymous_11)
FNF:12
FNH:5
FNDA:10,(anonymous_0)
FNDA:1,(anonymous_1)
FNDA:1,(anonymous_2)
FNDA:3,(anonymous_3)
FNDA:0,(anonymous_4)
FNDA:40,(anonymous_5)
FNDA:0,(anonymous_6)
FNDA:0,(anonymous_7)
FNDA:0,(anonymous_8)
FNDA:0,(anonymous_9)
FNDA:0,(anonymous_10)
FNDA:0,(anonymous_11)
DA:4,1
DA:5,10
DA:19,10
DA:26,10
DA:27,1
DA:28,1
DA:31,10
DA:32,1
DA:45,1
DA:46,1
DA:49,10
DA:61,3
DA:70,0
DA:73,40
DA:85,0
DA:96,0
DA:135,0
DA:147,0
DA:158,0
DA:169,0
LF:20
LH:13
BRDA:4,0,0,10
BRDA:6,1,0,10
BRDA:6,1,1,10
BRDA:7,2,0,10
BRDA:7,2,1,10
BRDA:8,3,0,10
BRDA:8,3,1,10
BRDA:9,4,0,10
BRDA:9,4,1,10
BRDA:10,5,0,10
BRDA:10,5,1,10
BRDA:11,6,0,10
BRDA:11,6,1,10
BRDA:12,7,0,10
BRDA:12,7,1,10
BRDA:13,8,0,10
BRDA:13,8,1,10
BRDA:14,9,0,10
BRDA:14,9,1,10
BRDA:15,10,0,10
BRDA:15,10,1,10
BRDA:16,11,0,10
BRDA:16,11,1,10
BRF:23
BRH:23
end_of_record
TN:
SF:src/components/Dashboard/ActivityForm.jsx
FN:5,(anonymous_0)
FN:35,(anonymous_1)
FN:62,(anonymous_2)
FN:79,(anonymous_3)
FN:86,(anonymous_4)
FN:94,(anonymous_5)
FN:106,(anonymous_6)
FN:107,(anonymous_7)
FN:133,(anonymous_8)
FN:138,(anonymous_9)
FN:153,(anonymous_10)
FN:158,(anonymous_11)
FNF:12
FNH:7
FNDA:26,(anonymous_0)
FNDA:4,(anonymous_1)
FNDA:0,(anonymous_2)
FNDA:9,(anonymous_3)
FNDA:0,(anonymous_4)
FNDA:1,(anonymous_5)
FNDA:0,(anonymous_6)
FNDA:0,(anonymous_7)
FNDA:78,(anonymous_8)
FNDA:0,(anonymous_9)
FNDA:182,(anonymous_10)
FNDA:1,(anonymous_11)
DA:5,1
DA:6,26
DA:16,26
DA:17,26
DA:18,26
DA:20,26
DA:35,26
DA:36,4
DA:37,4
DA:38,4
DA:39,4
DA:41,4
DA:43,4
DA:45,3
DA:48,3
DA:58,3
DA:59,3
DA:62,3
DA:64,1
DA:65,1
DA:67,0
DA:68,0
DA:69,1
DA:70,1
DA:72,0
DA:75,4
DA:79,26
DA:80,9
DA:86,26
DA:87,0
DA:94,26
DA:95,1
DA:101,26
DA:106,0
DA:107,0
DA:134,78
DA:138,0
DA:154,182
DA:158,1
LF:39
LH:32
BRDA:58,0,0,3
BRDA:58,0,1,0
BRDA:65,1,0,0
BRDA:65,1,1,1
BRDA:69,2,0,1
BRDA:69,2,1,0
BRDA:106,3,0,26
BRDA:106,3,1,1
BRDA:107,4,0,26
BRDA:107,4,1,1
BRDA:137,5,0,26
BRDA:137,5,1,52
BRDA:157,6,0,26
BRDA:157,6,1,156
BRDA:217,7,0,0
BRDA:217,7,1,26
BRDA:218,8,0,0
BRDA:218,8,1,26
BRDA:219,9,0,26
BRDA:219,9,1,0
BRDA:220,10,0,0
BRDA:220,10,1,0
BRDA:246,11,0,4
BRDA:246,11,1,22
BRF:24
BRH:16
end_of_record
TN:
SF:src/components/Dashboard/ActivityTable.jsx
FN:5,(anonymous_0)
FN:52,(anonymous_1)
FN:130,(anonymous_2)
FN:134,(anonymous_3)
FN:149,(anonymous_4)
FN:175,(anonymous_5)
FN:188,(anonymous_6)
FN:203,(anonymous_7)
FN:208,(anonymous_8)
FN:218,(anonymous_9)
FN:221,(anonymous_10)
FN:230,(anonymous_11)
FN:238,(anonymous_12)
FN:251,(anonymous_13)
FN:261,(anonymous_14)
FN:273,(anonymous_15)
FN:284,(anonymous_16)
FN:300,(anonymous_17)
FN:342,(anonymous_18)
FN:355,(anonymous_19)
FN:369,(anonymous_20)
FN:370,(anonymous_21)
FN:376,(anonymous_22)
FN:390,(anonymous_23)
FN:401,(anonymous_24)
FN:406,(anonymous_25)
FN:424,(anonymous_26)
FN:429,(anonymous_27)
FN:443,(anonymous_28)
FN:461,(anonymous_29)
FN:472,(anonymous_30)
FN:496,(anonymous_31)
FN:505,(anonymous_32)
FN:582,(anonymous_33)
FN:626,(anonymous_34)
FN:634,(anonymous_35)
FN:657,(anonymous_36)
FN:657,(anonymous_37)
FN:659,(anonymous_38)
FN:675,(anonymous_39)
FN:683,(anonymous_40)
FN:683,(anonymous_41)
FNF:42
FNH:10
FNDA:7,(anonymous_0)
FNDA:4,(anonymous_1)
FNDA:4,(anonymous_2)
FNDA:0,(anonymous_3)
FNDA:0,(anonymous_4)
FNDA:0,(anonymous_5)
FNDA:0,(anonymous_6)
FNDA:0,(anonymous_7)
FNDA:0,(anonymous_8)
FNDA:0,(anonymous_9)
FNDA:4,(anonymous_10)
FNDA:4,(anonymous_11)
FNDA:4,(anonymous_12)
FNDA:4,(anonymous_13)
FNDA:3,(anonymous_14)
FNDA:0,(anonymous_15)
FNDA:0,(anonymous_16)
FNDA:0,(anonymous_17)
FNDA:0,(anonymous_18)
FNDA:0,(anonymous_19)
FNDA:3,(anonymous_20)
FNDA:0,(anonymous_21)
FNDA:0,(anonymous_22)
FNDA:0,(anonymous_23)
FNDA:0,(anonymous_24)
FNDA:0,(anonymous_25)
FNDA:0,(anonymous_26)
FNDA:0,(anonymous_27)
FNDA:0,(anonymous_28)
FNDA:0,(anonymous_29)
FNDA:0,(anonymous_30)
FNDA:0,(anonymous_31)
FNDA:0,(anonymous_32)
FNDA:4,(anonymous_33)
FNDA:0,(anonymous_34)
FNDA:0,(anonymous_35)
FNDA:0,(anonymous_36)
FNDA:0,(anonymous_37)
FNDA:0,(anonymous_38)
FNDA:0,(anonymous_39)
FNDA:0,(anonymous_40)
FNDA:0,(anonymous_41)
DA:5,1
DA:6,7
DA:7,7
DA:8,7
DA:9,7
DA:10,7
DA:11,7
DA:14,7
DA:15,7
DA:16,7
DA:25,7
DA:26,7
DA:29,7
DA:37,7
DA:52,7
DA:53,4
DA:54,4
DA:57,4
DA:63,4
DA:64,4
DA:67,4
DA:68,0
DA:69,0
DA:71,0
DA:73,0
DA:74,0
DA:75,0
DA:76,0
DA:78,0
DA:79,0
DA:80,0
DA:81,0
DA:83,0
DA:84,0
DA:85,0
DA:86,0
DA:88,0
DA:89,0
DA:90,0
DA:93,0
DA:97,4
DA:98,4
DA:101,3
DA:103,3
DA:104,3
DA:105,3
DA:106,3
DA:107,0
DA:109,0
DA:110,0
DA:111,0
DA:112,0
DA:115,0
DA:116,0
DA:117,0
DA:118,0
DA:121,0
DA:122,0
DA:123,0
DA:124,0
DA:126,3
DA:130,7
DA:131,4
DA:134,7
DA:135,0
DA:136,0
DA:145,0
DA:146,0
DA:149,7
DA:150,0
DA:152,0
DA:153,0
DA:155,0
DA:156,0
DA:157,0
DA:158,0
DA:161,0
DA:163,0
DA:164,0
DA:165,0
DA:166,0
DA:168,0
DA:171,0
DA:175,7
DA:176,0
DA:177,0
DA:178,0
DA:179,0
DA:180,0
DA:182,0
DA:183,0
DA:188,7
DA:189,0
DA:195,0
DA:196,0
DA:197,0
DA:200,0
DA:203,7
DA:204,0
DA:205,0
DA:208,7
DA:209,0
DA:216,0
DA:218,0
DA:221,7
DA:222,4
DA:223,2
DA:224,2
DA:225,0
DA:226,0
DA:230,7
DA:231,4
DA:232,4
DA:233,0
DA:234,0
DA:235,0
DA:238,7
DA:239,4
DA:240,4
DA:241,4
DA:247,0
DA:251,7
DA:252,4
DA:253,4
DA:254,4
DA:256,0
DA:261,7
DA:262,3
DA:273,0
DA:284,0
DA:300,0
DA:342,0
DA:355,0
DA:369,7
DA:370,3
DA:376,0
DA:390,0
DA:402,0
DA:406,0
DA:425,0
DA:429,0
DA:443,0
DA:461,0
DA:472,0
DA:496,0
DA:505,0
DA:520,7
DA:521,4
DA:534,3
DA:583,4
DA:626,0
DA:634,0
DA:657,0
DA:661,0
DA:662,0
DA:663,0
DA:664,0
DA:665,0
DA:666,0
DA:668,0
DA:671,0
DA:675,0
DA:683,0
LF:163
LH:60
BRDA:52,0,0,0
BRDA:63,1,0,0
BRDA:63,1,1,4
BRDA:64,2,0,0
BRDA:64,2,1,4
BRDA:67,3,0,0
BRDA:67,3,1,4
BRDA:71,4,0,0
BRDA:71,4,1,0
BRDA:71,4,2,0
BRDA:71,4,3,0
BRDA:71,4,4,0
BRDA:88,5,0,0
BRDA:88,5,1,0
BRDA:89,6,0,0
BRDA:89,6,1,0
BRDA:101,7,0,3
BRDA:101,7,1,0
BRDA:101,8,0,3
BRDA:101,8,1,3
BRDA:104,9,0,3
BRDA:104,9,1,0
BRDA:105,10,0,3
BRDA:105,10,1,0
BRDA:106,11,0,3
BRDA:106,11,1,1
BRDA:107,12,0,0
BRDA:107,12,1,0
BRDA:112,13,0,0
BRDA:112,13,1,0
BRDA:122,14,0,0
BRDA:122,14,1,0
BRDA:137,15,0,0
BRDA:137,15,1,0
BRDA:138,16,0,0
BRDA:138,16,1,0
BRDA:139,17,0,0
BRDA:139,17,1,0
BRDA:140,18,0,0
BRDA:140,18,1,0
BRDA:141,19,0,0
BRDA:141,19,1,0
BRDA:142,20,0,0
BRDA:142,20,1,0
BRDA:143,21,0,0
BRDA:143,21,1,0
BRDA:150,22,0,0
BRDA:150,22,1,0
BRDA:156,23,0,0
BRDA:156,23,1,0
BRDA:164,24,0,0
BRDA:164,24,1,0
BRDA:168,25,0,0
BRDA:168,25,1,0
BRDA:176,26,0,0
BRDA:176,26,1,0
BRDA:183,27,0,0
BRDA:183,27,1,0
BRDA:195,28,0,0
BRDA:195,28,1,0
BRDA:195,29,0,0
BRDA:195,29,1,0
BRDA:222,30,0,2
BRDA:222,30,1,2
BRDA:222,30,2,0
BRDA:222,30,3,0
BRDA:231,31,0,0
BRDA:231,31,1,4
BRDA:232,32,0,4
BRDA:232,32,1,0
BRDA:233,33,0,0
BRDA:233,33,1,0
BRDA:234,34,0,0
BRDA:234,34,1,0
BRDA:334,35,0,3
BRDA:334,35,1,0
BRDA:344,36,0,0
BRDA:344,36,1,0
BRDA:375,37,0,3
BRDA:375,37,1,0
BRDA:381,38,0,3
BRDA:381,38,1,0
BRDA:405,39,0,0
BRDA:405,39,1,0
BRDA:428,40,0,0
BRDA:428,40,1,0
BRDA:481,41,0,0
BRDA:481,41,1,0
BRDA:482,42,0,0
BRDA:482,42,1,0
BRDA:483,43,0,0
BRDA:483,43,1,0
BRDA:484,44,0,0
BRDA:484,44,1,0
BRDA:509,45,0,0
BRDA:509,45,1,3
BRDA:520,46,0,4
BRDA:520,46,1,3
BRDA:520,47,0,7
BRDA:520,47,1,4
BRDA:542,48,0,3
BRDA:542,48,1,2
BRDA:544,49,0,2
BRDA:544,49,1,0
BRDA:562,50,0,1
BRDA:562,50,1,2
BRDA:566,51,0,0
BRDA:566,51,1,1
BRDA:566,52,0,1
BRDA:566,52,1,1
BRDA:566,52,2,1
BRDA:570,53,0,1
BRDA:570,53,1,1
BRDA:570,53,2,1
BRDA:570,53,3,0
BRDA:583,54,0,4
BRDA:583,54,1,0
BRDA:587,55,0,4
BRDA:587,55,1,4
BRDA:607,56,0,4
BRDA:607,56,1,0
BRDA:634,57,0,0
BRDA:634,57,1,0
BRDA:648,58,0,3
BRDA:648,58,1,0
BRDA:661,59,0,0
BRDA:661,59,1,0
BRDA:663,60,0,0
BRDA:663,60,1,0
BRDA:665,61,0,0
BRDA:665,61,1,0
BRF:131
BRH:39
end_of_record
TN:
SF:src/components/Layout/Navbar.jsx
FN:5,(anonymous_0)
FNF:1
FNH:1
FNDA:4,(anonymous_0)
DA:5,1
DA:6,4
DA:8,4
LF:3
LH:3
BRDA:16,0,0,4
BRDA:16,0,1,0
BRF:2
BRH:1
end_of_record
TN:
SF:src/services/activityService.js
FN:3,(anonymous_0)
FN:8,(anonymous_1)
FN:13,(anonymous_2)
FN:18,(anonymous_3)
FN:23,(anonymous_4)
FN:29,(anonymous_5)
FNF:6
FNH:5
FNDA:3,(anonymous_0)
FNDA:0,(anonymous_1)
FNDA:2,(anonymous_2)
FNDA:2,(anonymous_3)
FNDA:2,(anonymous_4)
FNDA:1,(anonymous_5)
DA:3,1
DA:4,3
DA:5,3
DA:8,1
DA:9,0
DA:10,0
DA:13,1
DA:14,2
DA:15,2
DA:18,1
DA:19,2
DA:20,2
DA:23,1
DA:24,2
DA:25,2
DA:29,1
DA:30,1
DA:31,1
LF:18
LH:16
BRDA:3,0,0,2
BRF:1
BRH:1
end_of_record
TN:
SF:src/services/api.js
FN:15,(anonymous_0)
FN:22,(anonymous_1)
FN:29,(anonymous_2)
FN:30,(anonymous_3)
FN:41,(anonymous_4)
FN:50,(anonymous_5)
FN:59,(anonymous_6)
FN:68,(anonymous_7)
FN:79,(anonymous_8)
FN:88,(anonymous_9)
FN:97,(anonymous_10)
FN:106,(anonymous_11)
FN:124,(anonymous_12)
FNF:13
FNH:3
FNDA:16,(anonymous_0)
FNDA:0,(anonymous_1)
FNDA:14,(anonymous_2)
FNDA:2,(anonymous_3)
FNDA:0,(anonymous_4)
FNDA:0,(anonymous_5)
FNDA:0,(anonymous_6)
FNDA:0,(anonymous_7)
FNDA:0,(anonymous_8)
FNDA:0,(anonymous_9)
FNDA:0,(anonymous_10)
FNDA:0,(anonymous_11)
FNDA:0,(anonymous_12)
DA:3,2
DA:5,2
DA:14,2
DA:16,16
DA:17,16
DA:18,12
DA:20,16
DA:23,0
DA:28,2
DA:29,14
DA:31,2
DA:32,1
DA:33,1
DA:34,1
DA:36,2
DA:40,2
DA:42,0
DA:43,0
DA:44,0
DA:46,0
DA:51,0
DA:52,0
DA:53,0
DA:55,0
DA:60,0
DA:61,0
DA:62,0
DA:64,0
DA:69,0
DA:70,0
DA:71,0
DA:73,0
DA:78,2
DA:80,0
DA:81,0
DA:82,0
DA:84,0
DA:89,0
DA:90,0
DA:91,0
DA:93,0
DA:98,0
DA:99,0
DA:100,0
DA:102,0
DA:107,0
DA:108,0
DA:109,0
DA:111,0
DA:125,0
DA:126,0
DA:127,0
DA:129,0
LF:53
LH:16
BRDA:17,0,0,12
BRDA:17,0,1,4
BRDA:31,1,0,1
BRDA:31,1,1,1
BRDA:79,2,0,0
BRF:5
BRH:4
end_of_record
TN:
SF:src/services/authService.js
FN:3,(anonymous_0)
FN:8,(anonymous_1)
FN:16,(anonymous_2)
FN:22,(anonymous_3)
FNF:4
FNH:4
FNDA:1,(anonymous_0)
FNDA:3,(anonymous_1)
FNDA:1,(anonymous_2)
FNDA:1,(anonymous_3)
DA:3,1
DA:4,1
DA:5,1
DA:8,1
DA:9,3
DA:10,1
DA:11,1
DA:13,1
DA:16,1
DA:17,1
DA:18,1
DA:19,1
DA:22,1
DA:23,1
DA:24,1
LF:15
LH:15
BRDA:10,0,0,1
BRDA:10,0,1,0
BRF:2
BRH:1
end_of_record
